<?xml version="1.0" encoding="UTF-8"?>
<testsuite xmlns:xsi="http://www.w3.org/2001/XMLSchema-instance" xsi:noNamespaceSchemaLocation="https://maven.apache.org/surefire/maven-surefire-plugin/xsd/surefire-test-report.xsd" name="com.heima.article.test.ArticleFreemarkerTest" time="4.712" tests="1" errors="0" skipped="0" failures="0">
  <properties>
    <property name="gopherProxySet" value="false"/>
    <property name="awt.toolkit" value="sun.lwawt.macosx.LWCToolkit"/>
    <property name="file.encoding.pkg" value="sun.io"/>
    <property name="java.specification.version" value="1.8"/>
    <property name="sun.cpu.isalist" value=""/>
    <property name="sun.jnu.encoding" value="UTF-8"/>
    <property name="java.class.path" value="/Users/songtengxiao/Desktop/Playground/hm-news/root/heima-leadnews/heima-leadnews-service/heima-leadnews-article/target/test-classes:/Users/songtengxiao/Desktop/Playground/hm-news/root/heima-leadnews/heima-leadnews-service/heima-leadnews-article/target/classes:/Users/songtengxiao/Desktop/Playground/hm-news/root/respository_new/org/springframework/boot/spring-boot-starter-freemarker/2.3.9.RELEASE/spring-boot-starter-freemarker-2.3.9.RELEASE.jar:/Users/songtengxiao/Desktop/Playground/hm-news/root/respository_new/org/springframework/boot/spring-boot-starter/2.3.9.RELEASE/spring-boot-starter-2.3.9.RELEASE.jar:/Users/songtengxiao/Desktop/Playground/hm-news/root/respository_new/org/springframework/boot/spring-boot/2.3.9.RELEASE/spring-boot-2.3.9.RELEASE.jar:/Users/songtengxiao/Desktop/Playground/hm-news/root/respository_new/jakarta/annotation/jakarta.annotation-api/1.3.5/jakarta.annotation-api-1.3.5.jar:/Users/songtengxiao/Desktop/Playground/hm-news/root/respository_new/org/yaml/snakeyaml/1.26/snakeyaml-1.26.jar:/Users/songtengxiao/Desktop/Playground/hm-news/root/respository_new/org/freemarker/freemarker/2.3.31/freemarker-2.3.31.jar:/Users/songtengxiao/Desktop/Playground/hm-news/root/respository_new/org/springframework/spring-context-support/5.2.13.RELEASE/spring-context-support-5.2.13.RELEASE.jar:/Users/songtengxiao/Desktop/Playground/hm-news/root/respository_new/org/springframework/spring-beans/5.2.13.RELEASE/spring-beans-5.2.13.RELEASE.jar:/Users/songtengxiao/Desktop/Playground/hm-news/root/respository_new/org/springframework/spring-context/5.2.13.RELEASE/spring-context-5.2.13.RELEASE.jar:/Users/songtengxiao/Desktop/Playground/hm-news/root/heima-leadnews/heima-leadnews-basic/heima-file-starter/target/heima-file-starter-1.0-SNAPSHOT.jar:/Users/songtengxiao/Desktop/Playground/hm-news/root/respository_new/org/springframework/boot/spring-boot-autoconfigure/2.3.9.RELEASE/spring-boot-autoconfigure-2.3.9.RELEASE.jar:/Users/songtengxiao/Desktop/Playground/hm-news/root/respository_new/io/minio/minio/7.1.0/minio-7.1.0.jar:/Users/songtengxiao/Desktop/Playground/hm-news/root/respository_new/com/carrotsearch/thirdparty/simple-xml-safe/2.7.1/simple-xml-safe-2.7.1.jar:/Users/songtengxiao/Desktop/Playground/hm-news/root/respository_new/com/google/guava/guava/29.0-jre/guava-29.0-jre.jar:/Users/songtengxiao/Desktop/Playground/hm-news/root/respository_new/com/google/guava/failureaccess/1.0.1/failureaccess-1.0.1.jar:/Users/songtengxiao/Desktop/Playground/hm-news/root/respository_new/com/google/guava/listenablefuture/9999.0-empty-to-avoid-conflict-with-guava/listenablefuture-9999.0-empty-to-avoid-conflict-with-guava.jar:/Users/songtengxiao/Desktop/Playground/hm-news/root/respository_new/org/checkerframework/checker-qual/2.11.1/checker-qual-2.11.1.jar:/Users/songtengxiao/Desktop/Playground/hm-news/root/respository_new/com/google/errorprone/error_prone_annotations/2.3.4/error_prone_annotations-2.3.4.jar:/Users/songtengxiao/Desktop/Playground/hm-news/root/respository_new/com/google/j2objc/j2objc-annotations/1.3/j2objc-annotations-1.3.jar:/Users/songtengxiao/Desktop/Playground/hm-news/root/respository_new/com/squareup/okhttp3/okhttp/3.14.9/okhttp-3.14.9.jar:/Users/songtengxiao/Desktop/Playground/hm-news/root/respository_new/com/squareup/okio/okio/1.17.2/okio-1.17.2.jar:/Users/songtengxiao/Desktop/Playground/hm-news/root/respository_new/com/fasterxml/jackson/core/jackson-annotations/2.11.4/jackson-annotations-2.11.4.jar:/Users/songtengxiao/Desktop/Playground/hm-news/root/respository_new/com/fasterxml/jackson/core/jackson-core/2.11.4/jackson-core-2.11.4.jar:/Users/songtengxiao/Desktop/Playground/hm-news/root/respository_new/com/fasterxml/jackson/core/jackson-databind/2.11.4/jackson-databind-2.11.4.jar:/Users/songtengxiao/Desktop/Playground/hm-news/root/respository_new/com/github/spotbugs/spotbugs-annotations/4.0.0/spotbugs-annotations-4.0.0.jar:/Users/songtengxiao/Desktop/Playground/hm-news/root/respository_new/net/jcip/jcip-annotations/1.0/jcip-annotations-1.0.jar:/Users/songtengxiao/Desktop/Playground/hm-news/root/respository_new/com/google/code/findbugs/jsr305/3.0.2/jsr305-3.0.2.jar:/Users/songtengxiao/Desktop/Playground/hm-news/root/respository_new/org/springframework/boot/spring-boot-starter-actuator/2.3.9.RELEASE/spring-boot-starter-actuator-2.3.9.RELEASE.jar:/Users/songtengxiao/Desktop/Playground/hm-news/root/respository_new/org/springframework/boot/spring-boot-actuator-autoconfigure/2.3.9.RELEASE/spring-boot-actuator-autoconfigure-2.3.9.RELEASE.jar:/Users/songtengxiao/Desktop/Playground/hm-news/root/respository_new/org/springframework/boot/spring-boot-actuator/2.3.9.RELEASE/spring-boot-actuator-2.3.9.RELEASE.jar:/Users/songtengxiao/Desktop/Playground/hm-news/root/respository_new/io/micrometer/micrometer-core/1.5.11/micrometer-core-1.5.11.jar:/Users/songtengxiao/Desktop/Playground/hm-news/root/respository_new/org/hdrhistogram/HdrHistogram/2.1.12/HdrHistogram-2.1.12.jar:/Users/songtengxiao/Desktop/Playground/hm-news/root/respository_new/org/latencyutils/LatencyUtils/2.0.3/LatencyUtils-2.0.3.jar:/Users/songtengxiao/Desktop/Playground/hm-news/root/heima-leadnews/heima-leadnews-model/target/heima-leadnews-model-1.0-SNAPSHOT.jar:/Users/songtengxiao/Desktop/Playground/hm-news/root/respository_new/mysql/mysql-connector-java/5.1.46/mysql-connector-java-5.1.46.jar:/Users/songtengxiao/Desktop/Playground/hm-news/root/respository_new/org/mybatis/mybatis/3.5.1/mybatis-3.5.1.jar:/Users/songtengxiao/Desktop/Playground/hm-news/root/respository_new/org/apache/commons/commons-lang3/3.5/commons-lang3-3.5.jar:/Users/songtengxiao/Desktop/Playground/hm-news/root/respository_new/com/baomidou/mybatis-plus-boot-starter/3.4.1/mybatis-plus-boot-starter-3.4.1.jar:/Users/songtengxiao/Desktop/Playground/hm-news/root/respository_new/com/baomidou/mybatis-plus/3.4.1/mybatis-plus-3.4.1.jar:/Users/songtengxiao/Desktop/Playground/hm-news/root/respository_new/com/baomidou/mybatis-plus-extension/3.4.1/mybatis-plus-extension-3.4.1.jar:/Users/songtengxiao/Desktop/Playground/hm-news/root/respository_new/com/baomidou/mybatis-plus-core/3.4.1/mybatis-plus-core-3.4.1.jar:/Users/songtengxiao/Desktop/Playground/hm-news/root/respository_new/com/baomidou/mybatis-plus-annotation/3.4.1/mybatis-plus-annotation-3.4.1.jar:/Users/songtengxiao/Desktop/Playground/hm-news/root/respository_new/com/github/jsqlparser/jsqlparser/3.2/jsqlparser-3.2.jar:/Users/songtengxiao/Desktop/Playground/hm-news/root/respository_new/org/mybatis/mybatis-spring/2.0.1/mybatis-spring-2.0.1.jar:/Users/songtengxiao/Desktop/Playground/hm-news/root/respository_new/org/springframework/boot/spring-boot-starter-jdbc/2.3.9.RELEASE/spring-boot-starter-jdbc-2.3.9.RELEASE.jar:/Users/songtengxiao/Desktop/Playground/hm-news/root/respository_new/com/zaxxer/HikariCP/3.4.5/HikariCP-3.4.5.jar:/Users/songtengxiao/Desktop/Playground/hm-news/root/respository_new/org/springframework/spring-jdbc/5.2.13.RELEASE/spring-jdbc-5.2.13.RELEASE.jar:/Users/songtengxiao/Desktop/Playground/hm-news/root/respository_new/com/alibaba/fastjson/1.2.58/fastjson-1.2.58.jar:/Users/songtengxiao/Desktop/Playground/hm-news/root/respository_new/io/springfox/springfox-swagger2/2.9.2/springfox-swagger2-2.9.2.jar:/Users/songtengxiao/Desktop/Playground/hm-news/root/respository_new/io/swagger/swagger-annotations/1.5.20/swagger-annotations-1.5.20.jar:/Users/songtengxiao/Desktop/Playground/hm-news/root/respository_new/io/swagger/swagger-models/1.5.20/swagger-models-1.5.20.jar:/Users/songtengxiao/Desktop/Playground/hm-news/root/respository_new/io/springfox/springfox-spi/2.9.2/springfox-spi-2.9.2.jar:/Users/songtengxiao/Desktop/Playground/hm-news/root/respository_new/io/springfox/springfox-core/2.9.2/springfox-core-2.9.2.jar:/Users/songtengxiao/Desktop/Playground/hm-news/root/respository_new/io/springfox/springfox-schema/2.9.2/springfox-schema-2.9.2.jar:/Users/songtengxiao/Desktop/Playground/hm-news/root/respository_new/io/springfox/springfox-swagger-common/2.9.2/springfox-swagger-common-2.9.2.jar:/Users/songtengxiao/Desktop/Playground/hm-news/root/respository_new/io/springfox/springfox-spring-web/2.9.2/springfox-spring-web-2.9.2.jar:/Users/songtengxiao/Desktop/Playground/hm-news/root/respository_new/com/fasterxml/classmate/1.5.1/classmate-1.5.1.jar:/Users/songtengxiao/Desktop/Playground/hm-news/root/respository_new/org/slf4j/slf4j-api/1.7.30/slf4j-api-1.7.30.jar:/Users/songtengxiao/Desktop/Playground/hm-news/root/respository_new/org/springframework/plugin/spring-plugin-core/1.2.0.RELEASE/spring-plugin-core-1.2.0.RELEASE.jar:/Users/songtengxiao/Desktop/Playground/hm-news/root/respository_new/org/springframework/plugin/spring-plugin-metadata/1.2.0.RELEASE/spring-plugin-metadata-1.2.0.RELEASE.jar:/Users/songtengxiao/Desktop/Playground/hm-news/root/respository_new/org/mapstruct/mapstruct/1.2.0.Final/mapstruct-1.2.0.Final.jar:/Users/songtengxiao/Desktop/Playground/hm-news/root/respository_new/io/springfox/springfox-swagger-ui/2.9.2/springfox-swagger-ui-2.9.2.jar:/Users/songtengxiao/Desktop/Playground/hm-news/root/heima-leadnews/heima-leadnews-common/target/heima-leadnews-common-1.0-SNAPSHOT.jar:/Users/songtengxiao/Desktop/Playground/hm-news/root/heima-leadnews/heima-leadnews-utils/target/heima-leadnews-utils-1.0-SNAPSHOT.jar:/Users/songtengxiao/Desktop/Playground/hm-news/root/respository_new/commons-codec/commons-codec/1.12/commons-codec-1.12.jar:/Users/songtengxiao/Desktop/Playground/hm-news/root/respository_new/io/jsonwebtoken/jjwt/0.9.1/jjwt-0.9.1.jar:/Users/songtengxiao/Desktop/Playground/hm-news/root/respository_new/com/hankcs/hanlp/portable-1.3.4/hanlp-portable-1.3.4.jar:/Users/songtengxiao/Desktop/Playground/hm-news/root/respository_new/commons-beanutils/commons-beanutils/1.9.3/commons-beanutils-1.9.3.jar:/Users/songtengxiao/Desktop/Playground/hm-news/root/respository_new/commons-logging/commons-logging/1.2/commons-logging-1.2.jar:/Users/songtengxiao/Desktop/Playground/hm-news/root/respository_new/commons-collections/commons-collections/3.2.2/commons-collections-3.2.2.jar:/Users/songtengxiao/Desktop/Playground/hm-news/root/respository_new/org/reflections/reflections/0.9.11/reflections-0.9.11.jar:/Users/songtengxiao/Desktop/Playground/hm-news/root/respository_new/org/javassist/javassist/3.21.0-GA/javassist-3.21.0-GA.jar:/Users/songtengxiao/Desktop/Playground/hm-news/root/respository_new/org/springframework/boot/spring-boot-test/2.3.9.RELEASE/spring-boot-test-2.3.9.RELEASE.jar:/Users/songtengxiao/Desktop/Playground/hm-news/root/respository_new/org/springframework/boot/spring-boot-starter-data-redis/2.3.9.RELEASE/spring-boot-starter-data-redis-2.3.9.RELEASE.jar:/Users/songtengxiao/Desktop/Playground/hm-news/root/respository_new/org/springframework/data/spring-data-redis/2.3.7.RELEASE/spring-data-redis-2.3.7.RELEASE.jar:/Users/songtengxiao/Desktop/Playground/hm-news/root/respository_new/org/springframework/data/spring-data-keyvalue/2.3.7.RELEASE/spring-data-keyvalue-2.3.7.RELEASE.jar:/Users/songtengxiao/Desktop/Playground/hm-news/root/respository_new/org/springframework/data/spring-data-commons/2.3.7.RELEASE/spring-data-commons-2.3.7.RELEASE.jar:/Users/songtengxiao/Desktop/Playground/hm-news/root/respository_new/org/springframework/spring-oxm/5.2.13.RELEASE/spring-oxm-5.2.13.RELEASE.jar:/Users/songtengxiao/Desktop/Playground/hm-news/root/respository_new/io/lettuce/lettuce-core/5.3.6.RELEASE/lettuce-core-5.3.6.RELEASE.jar:/Users/songtengxiao/Desktop/Playground/hm-news/root/respository_new/io/netty/netty-common/4.1.59.Final/netty-common-4.1.59.Final.jar:/Users/songtengxiao/Desktop/Playground/hm-news/root/respository_new/io/netty/netty-handler/4.1.59.Final/netty-handler-4.1.59.Final.jar:/Users/songtengxiao/Desktop/Playground/hm-news/root/respository_new/io/netty/netty-resolver/4.1.59.Final/netty-resolver-4.1.59.Final.jar:/Users/songtengxiao/Desktop/Playground/hm-news/root/respository_new/io/netty/netty-buffer/4.1.59.Final/netty-buffer-4.1.59.Final.jar:/Users/songtengxiao/Desktop/Playground/hm-news/root/respository_new/io/netty/netty-codec/4.1.59.Final/netty-codec-4.1.59.Final.jar:/Users/songtengxiao/Desktop/Playground/hm-news/root/respository_new/io/netty/netty-transport/4.1.59.Final/netty-transport-4.1.59.Final.jar:/Users/songtengxiao/Desktop/Playground/hm-news/root/respository_new/io/projectreactor/reactor-core/3.3.14.RELEASE/reactor-core-3.3.14.RELEASE.jar:/Users/songtengxiao/Desktop/Playground/hm-news/root/respository_new/org/reactivestreams/reactive-streams/1.0.3/reactive-streams-1.0.3.jar:/Users/songtengxiao/Desktop/Playground/hm-news/root/respository_new/org/apache/commons/commons-pool2/2.8.1/commons-pool2-2.8.1.jar:/Users/songtengxiao/Desktop/Playground/hm-news/root/respository_new/org/springframework/boot/spring-boot-starter-cache/2.3.9.RELEASE/spring-boot-starter-cache-2.3.9.RELEASE.jar:/Users/songtengxiao/Desktop/Playground/hm-news/root/respository_new/com/github/tobato/fastdfs-client/1.26.5/fastdfs-client-1.26.5.jar:/Users/songtengxiao/Desktop/Playground/hm-news/root/respository_new/org/slf4j/jcl-over-slf4j/1.7.30/jcl-over-slf4j-1.7.30.jar:/Users/songtengxiao/Desktop/Playground/hm-news/root/respository_new/ch/qos/logback/logback-classic/1.2.3/logback-classic-1.2.3.jar:/Users/songtengxiao/Desktop/Playground/hm-news/root/respository_new/ch/qos/logback/logback-core/1.2.3/logback-core-1.2.3.jar:/Users/songtengxiao/Desktop/Playground/hm-news/root/respository_new/commons-io/commons-io/2.6/commons-io-2.6.jar:/Users/songtengxiao/Desktop/Playground/hm-news/root/respository_new/org/hibernate/validator/hibernate-validator/6.1.7.Final/hibernate-validator-6.1.7.Final.jar:/Users/songtengxiao/Desktop/Playground/hm-news/root/respository_new/jakarta/validation/jakarta.validation-api/2.0.2/jakarta.validation-api-2.0.2.jar:/Users/songtengxiao/Desktop/Playground/hm-news/root/respository_new/org/jboss/logging/jboss-logging/3.4.1.Final/jboss-logging-3.4.1.Final.jar:/Users/songtengxiao/Desktop/Playground/hm-news/root/respository_new/net/coobird/thumbnailator/0.4.8/thumbnailator-0.4.8.jar:/Users/songtengxiao/Desktop/Playground/hm-news/root/respository_new/org/springframework/kafka/spring-kafka/2.6.6/spring-kafka-2.6.6.jar:/Users/songtengxiao/Desktop/Playground/hm-news/root/respository_new/org/springframework/spring-messaging/5.2.13.RELEASE/spring-messaging-5.2.13.RELEASE.jar:/Users/songtengxiao/Desktop/Playground/hm-news/root/respository_new/org/springframework/spring-tx/5.2.13.RELEASE/spring-tx-5.2.13.RELEASE.jar:/Users/songtengxiao/Desktop/Playground/hm-news/root/respository_new/org/springframework/retry/spring-retry/1.2.5.RELEASE/spring-retry-1.2.5.RELEASE.jar:/Users/songtengxiao/Desktop/Playground/hm-news/root/respository_new/org/apache/kafka/kafka-clients/2.5.1/kafka-clients-2.5.1.jar:/Users/songtengxiao/Desktop/Playground/hm-news/root/respository_new/com/github/luben/zstd-jni/1.4.4-7/zstd-jni-1.4.4-7.jar:/Users/songtengxiao/Desktop/Playground/hm-news/root/respository_new/org/lz4/lz4-java/1.7.1/lz4-java-1.7.1.jar:/Users/songtengxiao/Desktop/Playground/hm-news/root/respository_new/org/xerial/snappy/snappy-java/1.1.7.3/snappy-java-1.1.7.3.jar:/Users/songtengxiao/Desktop/Playground/hm-news/root/respository_new/org/apache/kafka/kafka-streams/2.5.1/kafka-streams-2.5.1.jar:/Users/songtengxiao/Desktop/Playground/hm-news/root/respository_new/org/rocksdb/rocksdbjni/5.18.3/rocksdbjni-5.18.3.jar:/Users/songtengxiao/Desktop/Playground/hm-news/root/respository_new/com/aliyun/aliyun-java-sdk-core/4.1.1/aliyun-java-sdk-core-4.1.1.jar:/Users/songtengxiao/Desktop/Playground/hm-news/root/respository_new/com/google/code/gson/gson/2.8.6/gson-2.8.6.jar:/Users/songtengxiao/Desktop/Playground/hm-news/root/respository_new/org/apache/httpcomponents/httpclient/4.5.13/httpclient-4.5.13.jar:/Users/songtengxiao/Desktop/Playground/hm-news/root/respository_new/org/apache/httpcomponents/httpcore/4.4.14/httpcore-4.4.14.jar:/Users/songtengxiao/Desktop/Playground/hm-news/root/respository_new/javax/xml/bind/jaxb-api/2.3.1/jaxb-api-2.3.1.jar:/Users/songtengxiao/Desktop/Playground/hm-news/root/respository_new/javax/activation/javax.activation-api/1.2.0/javax.activation-api-1.2.0.jar:/Users/songtengxiao/Desktop/Playground/hm-news/root/respository_new/com/sun/xml/bind/jaxb-core/2.1.14/jaxb-core-2.1.14.jar:/Users/songtengxiao/Desktop/Playground/hm-news/root/respository_new/com/sun/xml/bind/jaxb-impl/2.1/jaxb-impl-2.1.jar:/Users/songtengxiao/Desktop/Playground/hm-news/root/respository_new/javax/activation/activation/1.1.1/activation-1.1.1.jar:/Users/songtengxiao/Desktop/Playground/hm-news/root/respository_new/com/aliyun/aliyun-java-sdk-green/3.4.1/aliyun-java-sdk-green-3.4.1.jar:/Users/songtengxiao/Desktop/Playground/hm-news/root/respository_new/com/aliyun/oss/aliyun-sdk-oss/2.8.3/aliyun-sdk-oss-2.8.3.jar:/Users/songtengxiao/Desktop/Playground/hm-news/root/respository_new/org/jdom/jdom/1.1/jdom-1.1.jar:/Users/songtengxiao/Desktop/Playground/hm-news/root/respository_new/org/apache/hbase/hbase-client/2.1.5/hbase-client-2.1.5.jar:/Users/songtengxiao/Desktop/Playground/hm-news/root/respository_new/org/apache/hbase/thirdparty/hbase-shaded-protobuf/2.1.0/hbase-shaded-protobuf-2.1.0.jar:/Users/songtengxiao/Desktop/Playground/hm-news/root/respository_new/org/apache/hbase/hbase-common/2.1.5/hbase-common-2.1.5.jar:/Users/songtengxiao/Desktop/Playground/hm-news/root/respository_new/com/github/stephenc/findbugs/findbugs-annotations/1.3.9-1/findbugs-annotations-1.3.9-1.jar:/Users/songtengxiao/Desktop/Playground/hm-news/root/respository_new/org/apache/hbase/hbase-hadoop-compat/2.1.5/hbase-hadoop-compat-2.1.5.jar:/Users/songtengxiao/Desktop/Playground/hm-news/root/respository_new/org/apache/hbase/hbase-metrics-api/2.1.5/hbase-metrics-api-2.1.5.jar:/Users/songtengxiao/Desktop/Playground/hm-news/root/respository_new/org/apache/hbase/hbase-hadoop2-compat/2.1.5/hbase-hadoop2-compat-2.1.5.jar:/Users/songtengxiao/Desktop/Playground/hm-news/root/respository_new/org/apache/hbase/hbase-metrics/2.1.5/hbase-metrics-2.1.5.jar:/Users/songtengxiao/Desktop/Playground/hm-news/root/respository_new/org/apache/hbase/hbase-protocol-shaded/2.1.5/hbase-protocol-shaded-2.1.5.jar:/Users/songtengxiao/Desktop/Playground/hm-news/root/respository_new/org/apache/hbase/hbase-protocol/2.1.5/hbase-protocol-2.1.5.jar:/Users/songtengxiao/Desktop/Playground/hm-news/root/respository_new/org/apache/hbase/thirdparty/hbase-shaded-miscellaneous/2.1.0/hbase-shaded-miscellaneous-2.1.0.jar:/Users/songtengxiao/Desktop/Playground/hm-news/root/respository_new/com/google/protobuf/protobuf-java/3.13.0/protobuf-java-3.13.0.jar:/Users/songtengxiao/Desktop/Playground/hm-news/root/respository_new/org/apache/hbase/thirdparty/hbase-shaded-netty/2.1.0/hbase-shaded-netty-2.1.0.jar:/Users/songtengxiao/Desktop/Playground/hm-news/root/respository_new/org/apache/zookeeper/zookeeper/3.4.10/zookeeper-3.4.10.jar:/Users/songtengxiao/Desktop/Playground/hm-news/root/respository_new/org/apache/htrace/htrace-core4/4.2.0-incubating/htrace-core4-4.2.0-incubating.jar:/Users/songtengxiao/Desktop/Playground/hm-news/root/respository_new/org/jruby/jcodings/jcodings/1.0.18/jcodings-1.0.18.jar:/Users/songtengxiao/Desktop/Playground/hm-news/root/respository_new/org/jruby/joni/joni/2.1.11/joni-2.1.11.jar:/Users/songtengxiao/Desktop/Playground/hm-news/root/respository_new/io/dropwizard/metrics/metrics-core/4.1.17/metrics-core-4.1.17.jar:/Users/songtengxiao/Desktop/Playground/hm-news/root/respository_new/org/apache/commons/commons-crypto/1.0.0/commons-crypto-1.0.0.jar:/Users/songtengxiao/Desktop/Playground/hm-news/root/respository_new/org/apache/hadoop/hadoop-auth/2.7.7/hadoop-auth-2.7.7.jar:/Users/songtengxiao/Desktop/Playground/hm-news/root/respository_new/org/apache/directory/server/apacheds-kerberos-codec/2.0.0-M15/apacheds-kerberos-codec-2.0.0-M15.jar:/Users/songtengxiao/Desktop/Playground/hm-news/root/respository_new/org/apache/directory/server/apacheds-i18n/2.0.0-M15/apacheds-i18n-2.0.0-M15.jar:/Users/songtengxiao/Desktop/Playground/hm-news/root/respository_new/org/apache/directory/api/api-asn1-api/1.0.0-M20/api-asn1-api-1.0.0-M20.jar:/Users/songtengxiao/Desktop/Playground/hm-news/root/respository_new/org/apache/directory/api/api-util/1.0.0-M20/api-util-1.0.0-M20.jar:/Users/songtengxiao/Desktop/Playground/hm-news/root/respository_new/org/apache/curator/curator-framework/4.2.0/curator-framework-4.2.0.jar:/Users/songtengxiao/Desktop/Playground/hm-news/root/respository_new/org/apache/hadoop/hadoop-common/2.7.7/hadoop-common-2.7.7.jar:/Users/songtengxiao/Desktop/Playground/hm-news/root/respository_new/org/apache/hadoop/hadoop-annotations/2.7.7/hadoop-annotations-2.7.7.jar:/Users/songtengxiao/Library/Java/JavaVirtualMachines/corretto-1.8.0_412/Contents/Home/jre/../lib/tools.jar:/Users/songtengxiao/Desktop/Playground/hm-news/root/respository_new/commons-cli/commons-cli/1.2/commons-cli-1.2.jar:/Users/songtengxiao/Desktop/Playground/hm-news/root/respository_new/org/apache/commons/commons-math3/3.1.1/commons-math3-3.1.1.jar:/Users/songtengxiao/Desktop/Playground/hm-news/root/respository_new/xmlenc/xmlenc/0.52/xmlenc-0.52.jar:/Users/songtengxiao/Desktop/Playground/hm-news/root/respository_new/commons-httpclient/commons-httpclient/3.1/commons-httpclient-3.1.jar:/Users/songtengxiao/Desktop/Playground/hm-news/root/respository_new/commons-net/commons-net/3.1/commons-net-3.1.jar:/Users/songtengxiao/Desktop/Playground/hm-news/root/respository_new/org/mortbay/jetty/jetty-sslengine/6.1.26/jetty-sslengine-6.1.26.jar:/Users/songtengxiao/Desktop/Playground/hm-news/root/respository_new/commons-lang/commons-lang/2.6/commons-lang-2.6.jar:/Users/songtengxiao/Desktop/Playground/hm-news/root/respository_new/commons-configuration/commons-configuration/1.6/commons-configuration-1.6.jar:/Users/songtengxiao/Desktop/Playground/hm-news/root/respository_new/commons-digester/commons-digester/1.8/commons-digester-1.8.jar:/Users/songtengxiao/Desktop/Playground/hm-news/root/respository_new/commons-beanutils/commons-beanutils-core/1.8.0/commons-beanutils-core-1.8.0.jar:/Users/songtengxiao/Desktop/Playground/hm-news/root/respository_new/org/codehaus/jackson/jackson-core-asl/1.9.13/jackson-core-asl-1.9.13.jar:/Users/songtengxiao/Desktop/Playground/hm-news/root/respository_new/org/codehaus/jackson/jackson-mapper-asl/1.9.13/jackson-mapper-asl-1.9.13.jar:/Users/songtengxiao/Desktop/Playground/hm-news/root/respository_new/org/apache/avro/avro/1.7.4/avro-1.7.4.jar:/Users/songtengxiao/Desktop/Playground/hm-news/root/respository_new/com/thoughtworks/paranamer/paranamer/2.3/paranamer-2.3.jar:/Users/songtengxiao/Desktop/Playground/hm-news/root/respository_new/com/jcraft/jsch/0.1.54/jsch-0.1.54.jar:/Users/songtengxiao/Desktop/Playground/hm-news/root/respository_new/org/apache/curator/curator-client/2.7.1/curator-client-2.7.1.jar:/Users/songtengxiao/Desktop/Playground/hm-news/root/respository_new/org/apache/curator/curator-recipes/4.2.0/curator-recipes-4.2.0.jar:/Users/songtengxiao/Desktop/Playground/hm-news/root/respository_new/org/apache/htrace/htrace-core/3.1.0-incubating/htrace-core-3.1.0-incubating.jar:/Users/songtengxiao/Desktop/Playground/hm-news/root/respository_new/org/apache/commons/commons-compress/1.4.1/commons-compress-1.4.1.jar:/Users/songtengxiao/Desktop/Playground/hm-news/root/respository_new/org/tukaani/xz/1.0/xz-1.0.jar:/Users/songtengxiao/Desktop/Playground/hm-news/root/respository_new/org/apache/yetus/audience-annotations/0.5.0/audience-annotations-0.5.0.jar:/Users/songtengxiao/Desktop/Playground/hm-news/root/respository_new/junit/junit/4.12/junit-4.12.jar:/Users/songtengxiao/Desktop/Playground/hm-news/root/respository_new/org/hamcrest/hamcrest-core/2.2/hamcrest-core-2.2.jar:/Users/songtengxiao/Desktop/Playground/hm-news/root/respository_new/org/jsoup/jsoup/1.10.2/jsoup-1.10.2.jar:/Users/songtengxiao/Desktop/Playground/hm-news/root/respository_new/joda-time/joda-time/2.10.5/joda-time-2.10.5.jar:/Users/songtengxiao/Desktop/Playground/hm-news/root/respository_new/com/github/xiaoymin/knife4j-spring-boot-starter/2.0.2/knife4j-spring-boot-starter-2.0.2.jar:/Users/songtengxiao/Desktop/Playground/hm-news/root/respository_new/com/github/xiaoymin/knife4j-spring-boot-autoconfigure/2.0.2/knife4j-spring-boot-autoconfigure-2.0.2.jar:/Users/songtengxiao/Desktop/Playground/hm-news/root/respository_new/com/github/xiaoymin/knife4j-spring/2.0.2/knife4j-spring-2.0.2.jar:/Users/songtengxiao/Desktop/Playground/hm-news/root/respository_new/com/github/xiaoymin/knife4j-annotations/2.0.2/knife4j-annotations-2.0.2.jar:/Users/songtengxiao/Desktop/Playground/hm-news/root/respository_new/com/github/xiaoymin/knife4j-core/2.0.2/knife4j-core-2.0.2.jar:/Users/songtengxiao/Desktop/Playground/hm-news/root/respository_new/io/springfox/springfox-bean-validators/2.9.2/springfox-bean-validators-2.9.2.jar:/Users/songtengxiao/Desktop/Playground/hm-news/root/respository_new/com/github/xiaoymin/knife4j-spring-ui/2.0.2/knife4j-spring-ui-2.0.2.jar:/Users/songtengxiao/Desktop/Playground/hm-news/root/heima-leadnews/heima-leadnews-feign-api/target/heima-leadnews-feign-api-1.0-SNAPSHOT.jar:/Users/songtengxiao/Desktop/Playground/hm-news/root/respository_new/org/springframework/boot/spring-boot-starter-web/2.3.9.RELEASE/spring-boot-starter-web-2.3.9.RELEASE.jar:/Users/songtengxiao/Desktop/Playground/hm-news/root/respository_new/org/springframework/boot/spring-boot-starter-json/2.3.9.RELEASE/spring-boot-starter-json-2.3.9.RELEASE.jar:/Users/songtengxiao/Desktop/Playground/hm-news/root/respository_new/com/fasterxml/jackson/datatype/jackson-datatype-jdk8/2.11.4/jackson-datatype-jdk8-2.11.4.jar:/Users/songtengxiao/Desktop/Playground/hm-news/root/respository_new/com/fasterxml/jackson/datatype/jackson-datatype-jsr310/2.11.4/jackson-datatype-jsr310-2.11.4.jar:/Users/songtengxiao/Desktop/Playground/hm-news/root/respository_new/com/fasterxml/jackson/module/jackson-module-parameter-names/2.11.4/jackson-module-parameter-names-2.11.4.jar:/Users/songtengxiao/Desktop/Playground/hm-news/root/respository_new/org/springframework/boot/spring-boot-starter-tomcat/2.3.9.RELEASE/spring-boot-starter-tomcat-2.3.9.RELEASE.jar:/Users/songtengxiao/Desktop/Playground/hm-news/root/respository_new/org/apache/tomcat/embed/tomcat-embed-core/9.0.43/tomcat-embed-core-9.0.43.jar:/Users/songtengxiao/Desktop/Playground/hm-news/root/respository_new/org/glassfish/jakarta.el/3.0.3/jakarta.el-3.0.3.jar:/Users/songtengxiao/Desktop/Playground/hm-news/root/respository_new/org/apache/tomcat/embed/tomcat-embed-websocket/9.0.43/tomcat-embed-websocket-9.0.43.jar:/Users/songtengxiao/Desktop/Playground/hm-news/root/respository_new/org/springframework/spring-web/5.2.13.RELEASE/spring-web-5.2.13.RELEASE.jar:/Users/songtengxiao/Desktop/Playground/hm-news/root/respository_new/org/springframework/spring-webmvc/5.2.13.RELEASE/spring-webmvc-5.2.13.RELEASE.jar:/Users/songtengxiao/Desktop/Playground/hm-news/root/respository_new/org/springframework/spring-aop/5.2.13.RELEASE/spring-aop-5.2.13.RELEASE.jar:/Users/songtengxiao/Desktop/Playground/hm-news/root/respository_new/org/springframework/spring-expression/5.2.13.RELEASE/spring-expression-5.2.13.RELEASE.jar:/Users/songtengxiao/Desktop/Playground/hm-news/root/respository_new/org/springframework/boot/spring-boot-starter-test/2.3.9.RELEASE/spring-boot-starter-test-2.3.9.RELEASE.jar:/Users/songtengxiao/Desktop/Playground/hm-news/root/respository_new/org/springframework/boot/spring-boot-test-autoconfigure/2.3.9.RELEASE/spring-boot-test-autoconfigure-2.3.9.RELEASE.jar:/Users/songtengxiao/Desktop/Playground/hm-news/root/respository_new/com/jayway/jsonpath/json-path/2.4.0/json-path-2.4.0.jar:/Users/songtengxiao/Desktop/Playground/hm-news/root/respository_new/net/minidev/json-smart/2.3/json-smart-2.3.jar:/Users/songtengxiao/Desktop/Playground/hm-news/root/respository_new/net/minidev/accessors-smart/1.2/accessors-smart-1.2.jar:/Users/songtengxiao/Desktop/Playground/hm-news/root/respository_new/org/ow2/asm/asm/5.0.4/asm-5.0.4.jar:/Users/songtengxiao/Desktop/Playground/hm-news/root/respository_new/jakarta/xml/bind/jakarta.xml.bind-api/2.3.3/jakarta.xml.bind-api-2.3.3.jar:/Users/songtengxiao/Desktop/Playground/hm-news/root/respository_new/jakarta/activation/jakarta.activation-api/1.2.2/jakarta.activation-api-1.2.2.jar:/Users/songtengxiao/Desktop/Playground/hm-news/root/respository_new/org/assertj/assertj-core/3.16.1/assertj-core-3.16.1.jar:/Users/songtengxiao/Desktop/Playground/hm-news/root/respository_new/org/hamcrest/hamcrest/2.2/hamcrest-2.2.jar:/Users/songtengxiao/Desktop/Playground/hm-news/root/respository_new/org/junit/jupiter/junit-jupiter/5.6.3/junit-jupiter-5.6.3.jar:/Users/songtengxiao/Desktop/Playground/hm-news/root/respository_new/org/junit/jupiter/junit-jupiter-api/5.6.3/junit-jupiter-api-5.6.3.jar:/Users/songtengxiao/Desktop/Playground/hm-news/root/respository_new/org/opentest4j/opentest4j/1.2.0/opentest4j-1.2.0.jar:/Users/songtengxiao/Desktop/Playground/hm-news/root/respository_new/org/junit/platform/junit-platform-commons/1.6.3/junit-platform-commons-1.6.3.jar:/Users/songtengxiao/Desktop/Playground/hm-news/root/respository_new/org/junit/jupiter/junit-jupiter-params/5.6.3/junit-jupiter-params-5.6.3.jar:/Users/songtengxiao/Desktop/Playground/hm-news/root/respository_new/org/junit/jupiter/junit-jupiter-engine/5.6.3/junit-jupiter-engine-5.6.3.jar:/Users/songtengxiao/Desktop/Playground/hm-news/root/respository_new/org/junit/vintage/junit-vintage-engine/5.6.3/junit-vintage-engine-5.6.3.jar:/Users/songtengxiao/Desktop/Playground/hm-news/root/respository_new/org/apiguardian/apiguardian-api/1.1.0/apiguardian-api-1.1.0.jar:/Users/songtengxiao/Desktop/Playground/hm-news/root/respository_new/org/junit/platform/junit-platform-engine/1.6.3/junit-platform-engine-1.6.3.jar:/Users/songtengxiao/Desktop/Playground/hm-news/root/respository_new/org/mockito/mockito-core/3.3.3/mockito-core-3.3.3.jar:/Users/songtengxiao/Desktop/Playground/hm-news/root/respository_new/net/bytebuddy/byte-buddy/1.10.20/byte-buddy-1.10.20.jar:/Users/songtengxiao/Desktop/Playground/hm-news/root/respository_new/net/bytebuddy/byte-buddy-agent/1.10.20/byte-buddy-agent-1.10.20.jar:/Users/songtengxiao/Desktop/Playground/hm-news/root/respository_new/org/objenesis/objenesis/2.6/objenesis-2.6.jar:/Users/songtengxiao/Desktop/Playground/hm-news/root/respository_new/org/mockito/mockito-junit-jupiter/3.3.3/mockito-junit-jupiter-3.3.3.jar:/Users/songtengxiao/Desktop/Playground/hm-news/root/respository_new/org/skyscreamer/jsonassert/1.5.0/jsonassert-1.5.0.jar:/Users/songtengxiao/Desktop/Playground/hm-news/root/respository_new/com/vaadin/external/google/android-json/0.0.20131108.vaadin1/android-json-0.0.20131108.vaadin1.jar:/Users/songtengxiao/Desktop/Playground/hm-news/root/respository_new/org/springframework/spring-core/5.2.13.RELEASE/spring-core-5.2.13.RELEASE.jar:/Users/songtengxiao/Desktop/Playground/hm-news/root/respository_new/org/springframework/spring-jcl/5.2.13.RELEASE/spring-jcl-5.2.13.RELEASE.jar:/Users/songtengxiao/Desktop/Playground/hm-news/root/respository_new/org/springframework/spring-test/5.2.13.RELEASE/spring-test-5.2.13.RELEASE.jar:/Users/songtengxiao/Desktop/Playground/hm-news/root/respository_new/org/xmlunit/xmlunit-core/2.7.0/xmlunit-core-2.7.0.jar:/Users/songtengxiao/Desktop/Playground/hm-news/root/respository_new/com/alibaba/cloud/spring-cloud-starter-alibaba-nacos-discovery/2.2.5.RELEASE/spring-cloud-starter-alibaba-nacos-discovery-2.2.5.RELEASE.jar:/Users/songtengxiao/Desktop/Playground/hm-news/root/respository_new/com/alibaba/cloud/spring-cloud-alibaba-commons/2.2.5.RELEASE/spring-cloud-alibaba-commons-2.2.5.RELEASE.jar:/Users/songtengxiao/Desktop/Playground/hm-news/root/respository_new/com/alibaba/nacos/nacos-client/1.4.1/nacos-client-1.4.1.jar:/Users/songtengxiao/Desktop/Playground/hm-news/root/respository_new/com/alibaba/nacos/nacos-common/1.4.1/nacos-common-1.4.1.jar:/Users/songtengxiao/Desktop/Playground/hm-news/root/respository_new/org/apache/httpcomponents/httpasyncclient/4.1.4/httpasyncclient-4.1.4.jar:/Users/songtengxiao/Desktop/Playground/hm-news/root/respository_new/org/apache/httpcomponents/httpcore-nio/4.4.14/httpcore-nio-4.4.14.jar:/Users/songtengxiao/Desktop/Playground/hm-news/root/respository_new/com/alibaba/nacos/nacos-api/1.4.1/nacos-api-1.4.1.jar:/Users/songtengxiao/Desktop/Playground/hm-news/root/respository_new/io/prometheus/simpleclient/0.5.0/simpleclient-0.5.0.jar:/Users/songtengxiao/Desktop/Playground/hm-news/root/respository_new/com/alibaba/spring/spring-context-support/1.0.10/spring-context-support-1.0.10.jar:/Users/songtengxiao/Desktop/Playground/hm-news/root/respository_new/org/springframework/cloud/spring-cloud-commons/2.2.7.RELEASE/spring-cloud-commons-2.2.7.RELEASE.jar:/Users/songtengxiao/Desktop/Playground/hm-news/root/respository_new/org/springframework/security/spring-security-crypto/5.3.8.RELEASE/spring-security-crypto-5.3.8.RELEASE.jar:/Users/songtengxiao/Desktop/Playground/hm-news/root/respository_new/org/springframework/cloud/spring-cloud-context/2.2.7.RELEASE/spring-cloud-context-2.2.7.RELEASE.jar:/Users/songtengxiao/Desktop/Playground/hm-news/root/respository_new/org/springframework/cloud/spring-cloud-starter-netflix-ribbon/2.2.7.RELEASE/spring-cloud-starter-netflix-ribbon-2.2.7.RELEASE.jar:/Users/songtengxiao/Desktop/Playground/hm-news/root/respository_new/org/springframework/cloud/spring-cloud-starter/2.2.7.RELEASE/spring-cloud-starter-2.2.7.RELEASE.jar:/Users/songtengxiao/Desktop/Playground/hm-news/root/respository_new/org/springframework/security/spring-security-rsa/1.0.9.RELEASE/spring-security-rsa-1.0.9.RELEASE.jar:/Users/songtengxiao/Desktop/Playground/hm-news/root/respository_new/org/bouncycastle/bcpkix-jdk15on/1.64/bcpkix-jdk15on-1.64.jar:/Users/songtengxiao/Desktop/Playground/hm-news/root/respository_new/org/bouncycastle/bcprov-jdk15on/1.64/bcprov-jdk15on-1.64.jar:/Users/songtengxiao/Desktop/Playground/hm-news/root/respository_new/org/springframework/cloud/spring-cloud-netflix-ribbon/2.2.7.RELEASE/spring-cloud-netflix-ribbon-2.2.7.RELEASE.jar:/Users/songtengxiao/Desktop/Playground/hm-news/root/respository_new/org/springframework/cloud/spring-cloud-netflix-archaius/2.2.7.RELEASE/spring-cloud-netflix-archaius-2.2.7.RELEASE.jar:/Users/songtengxiao/Desktop/Playground/hm-news/root/respository_new/org/springframework/cloud/spring-cloud-starter-netflix-archaius/2.2.7.RELEASE/spring-cloud-starter-netflix-archaius-2.2.7.RELEASE.jar:/Users/songtengxiao/Desktop/Playground/hm-news/root/respository_new/com/netflix/archaius/archaius-core/0.7.7/archaius-core-0.7.7.jar:/Users/songtengxiao/Desktop/Playground/hm-news/root/respository_new/com/netflix/ribbon/ribbon/2.3.0/ribbon-2.3.0.jar:/Users/songtengxiao/Desktop/Playground/hm-news/root/respository_new/com/netflix/ribbon/ribbon-transport/2.3.0/ribbon-transport-2.3.0.jar:/Users/songtengxiao/Desktop/Playground/hm-news/root/respository_new/io/reactivex/rxnetty-contexts/0.4.9/rxnetty-contexts-0.4.9.jar:/Users/songtengxiao/Desktop/Playground/hm-news/root/respository_new/io/reactivex/rxnetty-servo/0.4.9/rxnetty-servo-0.4.9.jar:/Users/songtengxiao/Desktop/Playground/hm-news/root/respository_new/com/netflix/hystrix/hystrix-core/1.5.18/hystrix-core-1.5.18.jar:/Users/songtengxiao/Desktop/Playground/hm-news/root/respository_new/javax/inject/javax.inject/1/javax.inject-1.jar:/Users/songtengxiao/Desktop/Playground/hm-news/root/respository_new/io/reactivex/rxnetty/0.4.9/rxnetty-0.4.9.jar:/Users/songtengxiao/Desktop/Playground/hm-news/root/respository_new/com/netflix/ribbon/ribbon-core/2.3.0/ribbon-core-2.3.0.jar:/Users/songtengxiao/Desktop/Playground/hm-news/root/respository_new/com/netflix/ribbon/ribbon-httpclient/2.3.0/ribbon-httpclient-2.3.0.jar:/Users/songtengxiao/Desktop/Playground/hm-news/root/respository_new/com/sun/jersey/jersey-client/1.19.1/jersey-client-1.19.1.jar:/Users/songtengxiao/Desktop/Playground/hm-news/root/respository_new/com/sun/jersey/jersey-core/1.19.1/jersey-core-1.19.1.jar:/Users/songtengxiao/Desktop/Playground/hm-news/root/respository_new/javax/ws/rs/jsr311-api/1.1.1/jsr311-api-1.1.1.jar:/Users/songtengxiao/Desktop/Playground/hm-news/root/respository_new/com/sun/jersey/contribs/jersey-apache-client4/1.19.1/jersey-apache-client4-1.19.1.jar:/Users/songtengxiao/Desktop/Playground/hm-news/root/respository_new/com/netflix/servo/servo-core/0.12.21/servo-core-0.12.21.jar:/Users/songtengxiao/Desktop/Playground/hm-news/root/respository_new/com/netflix/netflix-commons/netflix-commons-util/0.3.0/netflix-commons-util-0.3.0.jar:/Users/songtengxiao/Desktop/Playground/hm-news/root/respository_new/com/netflix/ribbon/ribbon-loadbalancer/2.3.0/ribbon-loadbalancer-2.3.0.jar:/Users/songtengxiao/Desktop/Playground/hm-news/root/respository_new/com/netflix/netflix-commons/netflix-statistics/0.1.1/netflix-statistics-0.1.1.jar:/Users/songtengxiao/Desktop/Playground/hm-news/root/respository_new/io/reactivex/rxjava/1.3.8/rxjava-1.3.8.jar:/Users/songtengxiao/Desktop/Playground/hm-news/root/respository_new/com/alibaba/cloud/spring-cloud-starter-alibaba-nacos-config/2.2.5.RELEASE/spring-cloud-starter-alibaba-nacos-config-2.2.5.RELEASE.jar:/Users/songtengxiao/Desktop/Playground/hm-news/root/respository_new/org/springframework/boot/spring-boot-starter-log4j2/2.3.9.RELEASE/spring-boot-starter-log4j2-2.3.9.RELEASE.jar:/Users/songtengxiao/Desktop/Playground/hm-news/root/respository_new/org/apache/logging/log4j/log4j-slf4j-impl/2.13.3/log4j-slf4j-impl-2.13.3.jar:/Users/songtengxiao/Desktop/Playground/hm-news/root/respository_new/org/apache/logging/log4j/log4j-api/2.13.3/log4j-api-2.13.3.jar:/Users/songtengxiao/Desktop/Playground/hm-news/root/respository_new/org/apache/logging/log4j/log4j-core/2.13.3/log4j-core-2.13.3.jar:/Users/songtengxiao/Desktop/Playground/hm-news/root/respository_new/org/apache/logging/log4j/log4j-jul/2.13.3/log4j-jul-2.13.3.jar:/Users/songtengxiao/Desktop/Playground/hm-news/root/respository_new/org/slf4j/jul-to-slf4j/1.7.30/jul-to-slf4j-1.7.30.jar:/Users/songtengxiao/Desktop/Playground/hm-news/root/respository_new/org/projectlombok/lombok/1.18.8/lombok-1.18.8.jar:"/>
    <property name="java.vm.vendor" value="Amazon.com Inc."/>
    <property name="sun.arch.data.model" value="64"/>
    <property name="java.vendor.url" value="https://aws.amazon.com/corretto/"/>
    <property name="user.timezone" value=""/>
    <property name="java.vm.specification.version" value="1.8"/>
    <property name="os.name" value="Mac OS X"/>
    <property name="user.country" value="US"/>
    <property name="sun.java.launcher" value="SUN_STANDARD"/>
    <property name="sun.boot.library.path" value="/Users/songtengxiao/Library/Java/JavaVirtualMachines/corretto-1.8.0_412/Contents/Home/jre/lib"/>
    <property name="sun.java.command" value="/Users/songtengxiao/Desktop/Playground/hm-news/root/heima-leadnews/heima-leadnews-service/heima-leadnews-article/target/surefire/surefirebooter3762745874324520459.jar /Users/songtengxiao/Desktop/Playground/hm-news/root/heima-leadnews/heima-leadnews-service/heima-leadnews-article/target/surefire 2024-07-01T20-44-49_352-jvmRun1 surefire6429686742090403113tmp surefire_07564066091510328775tmp"/>
    <property name="http.nonProxyHosts" value="local|*.local|169.254/16|*.169.254/16"/>
    <property name="surefire.test.class.path" value="/Users/songtengxiao/Desktop/Playground/hm-news/root/heima-leadnews/heima-leadnews-service/heima-leadnews-article/target/test-classes:/Users/songtengxiao/Desktop/Playground/hm-news/root/heima-leadnews/heima-leadnews-service/heima-leadnews-article/target/classes:/Users/songtengxiao/Desktop/Playground/hm-news/root/respository_new/org/springframework/boot/spring-boot-starter-freemarker/2.3.9.RELEASE/spring-boot-starter-freemarker-2.3.9.RELEASE.jar:/Users/songtengxiao/Desktop/Playground/hm-news/root/respository_new/org/springframework/boot/spring-boot-starter/2.3.9.RELEASE/spring-boot-starter-2.3.9.RELEASE.jar:/Users/songtengxiao/Desktop/Playground/hm-news/root/respository_new/org/springframework/boot/spring-boot/2.3.9.RELEASE/spring-boot-2.3.9.RELEASE.jar:/Users/songtengxiao/Desktop/Playground/hm-news/root/respository_new/jakarta/annotation/jakarta.annotation-api/1.3.5/jakarta.annotation-api-1.3.5.jar:/Users/songtengxiao/Desktop/Playground/hm-news/root/respository_new/org/yaml/snakeyaml/1.26/snakeyaml-1.26.jar:/Users/songtengxiao/Desktop/Playground/hm-news/root/respository_new/org/freemarker/freemarker/2.3.31/freemarker-2.3.31.jar:/Users/songtengxiao/Desktop/Playground/hm-news/root/respository_new/org/springframework/spring-context-support/5.2.13.RELEASE/spring-context-support-5.2.13.RELEASE.jar:/Users/songtengxiao/Desktop/Playground/hm-news/root/respository_new/org/springframework/spring-beans/5.2.13.RELEASE/spring-beans-5.2.13.RELEASE.jar:/Users/songtengxiao/Desktop/Playground/hm-news/root/respository_new/org/springframework/spring-context/5.2.13.RELEASE/spring-context-5.2.13.RELEASE.jar:/Users/songtengxiao/Desktop/Playground/hm-news/root/heima-leadnews/heima-leadnews-basic/heima-file-starter/target/heima-file-starter-1.0-SNAPSHOT.jar:/Users/songtengxiao/Desktop/Playground/hm-news/root/respository_new/org/springframework/boot/spring-boot-autoconfigure/2.3.9.RELEASE/spring-boot-autoconfigure-2.3.9.RELEASE.jar:/Users/songtengxiao/Desktop/Playground/hm-news/root/respository_new/io/minio/minio/7.1.0/minio-7.1.0.jar:/Users/songtengxiao/Desktop/Playground/hm-news/root/respository_new/com/carrotsearch/thirdparty/simple-xml-safe/2.7.1/simple-xml-safe-2.7.1.jar:/Users/songtengxiao/Desktop/Playground/hm-news/root/respository_new/com/google/guava/guava/29.0-jre/guava-29.0-jre.jar:/Users/songtengxiao/Desktop/Playground/hm-news/root/respository_new/com/google/guava/failureaccess/1.0.1/failureaccess-1.0.1.jar:/Users/songtengxiao/Desktop/Playground/hm-news/root/respository_new/com/google/guava/listenablefuture/9999.0-empty-to-avoid-conflict-with-guava/listenablefuture-9999.0-empty-to-avoid-conflict-with-guava.jar:/Users/songtengxiao/Desktop/Playground/hm-news/root/respository_new/org/checkerframework/checker-qual/2.11.1/checker-qual-2.11.1.jar:/Users/songtengxiao/Desktop/Playground/hm-news/root/respository_new/com/google/errorprone/error_prone_annotations/2.3.4/error_prone_annotations-2.3.4.jar:/Users/songtengxiao/Desktop/Playground/hm-news/root/respository_new/com/google/j2objc/j2objc-annotations/1.3/j2objc-annotations-1.3.jar:/Users/songtengxiao/Desktop/Playground/hm-news/root/respository_new/com/squareup/okhttp3/okhttp/3.14.9/okhttp-3.14.9.jar:/Users/songtengxiao/Desktop/Playground/hm-news/root/respository_new/com/squareup/okio/okio/1.17.2/okio-1.17.2.jar:/Users/songtengxiao/Desktop/Playground/hm-news/root/respository_new/com/fasterxml/jackson/core/jackson-annotations/2.11.4/jackson-annotations-2.11.4.jar:/Users/songtengxiao/Desktop/Playground/hm-news/root/respository_new/com/fasterxml/jackson/core/jackson-core/2.11.4/jackson-core-2.11.4.jar:/Users/songtengxiao/Desktop/Playground/hm-news/root/respository_new/com/fasterxml/jackson/core/jackson-databind/2.11.4/jackson-databind-2.11.4.jar:/Users/songtengxiao/Desktop/Playground/hm-news/root/respository_new/com/github/spotbugs/spotbugs-annotations/4.0.0/spotbugs-annotations-4.0.0.jar:/Users/songtengxiao/Desktop/Playground/hm-news/root/respository_new/net/jcip/jcip-annotations/1.0/jcip-annotations-1.0.jar:/Users/songtengxiao/Desktop/Playground/hm-news/root/respository_new/com/google/code/findbugs/jsr305/3.0.2/jsr305-3.0.2.jar:/Users/songtengxiao/Desktop/Playground/hm-news/root/respository_new/org/springframework/boot/spring-boot-starter-actuator/2.3.9.RELEASE/spring-boot-starter-actuator-2.3.9.RELEASE.jar:/Users/songtengxiao/Desktop/Playground/hm-news/root/respository_new/org/springframework/boot/spring-boot-actuator-autoconfigure/2.3.9.RELEASE/spring-boot-actuator-autoconfigure-2.3.9.RELEASE.jar:/Users/songtengxiao/Desktop/Playground/hm-news/root/respository_new/org/springframework/boot/spring-boot-actuator/2.3.9.RELEASE/spring-boot-actuator-2.3.9.RELEASE.jar:/Users/songtengxiao/Desktop/Playground/hm-news/root/respository_new/io/micrometer/micrometer-core/1.5.11/micrometer-core-1.5.11.jar:/Users/songtengxiao/Desktop/Playground/hm-news/root/respository_new/org/hdrhistogram/HdrHistogram/2.1.12/HdrHistogram-2.1.12.jar:/Users/songtengxiao/Desktop/Playground/hm-news/root/respository_new/org/latencyutils/LatencyUtils/2.0.3/LatencyUtils-2.0.3.jar:/Users/songtengxiao/Desktop/Playground/hm-news/root/heima-leadnews/heima-leadnews-model/target/heima-leadnews-model-1.0-SNAPSHOT.jar:/Users/songtengxiao/Desktop/Playground/hm-news/root/respository_new/mysql/mysql-connector-java/5.1.46/mysql-connector-java-5.1.46.jar:/Users/songtengxiao/Desktop/Playground/hm-news/root/respository_new/org/mybatis/mybatis/3.5.1/mybatis-3.5.1.jar:/Users/songtengxiao/Desktop/Playground/hm-news/root/respository_new/org/apache/commons/commons-lang3/3.5/commons-lang3-3.5.jar:/Users/songtengxiao/Desktop/Playground/hm-news/root/respository_new/com/baomidou/mybatis-plus-boot-starter/3.4.1/mybatis-plus-boot-starter-3.4.1.jar:/Users/songtengxiao/Desktop/Playground/hm-news/root/respository_new/com/baomidou/mybatis-plus/3.4.1/mybatis-plus-3.4.1.jar:/Users/songtengxiao/Desktop/Playground/hm-news/root/respository_new/com/baomidou/mybatis-plus-extension/3.4.1/mybatis-plus-extension-3.4.1.jar:/Users/songtengxiao/Desktop/Playground/hm-news/root/respository_new/com/baomidou/mybatis-plus-core/3.4.1/mybatis-plus-core-3.4.1.jar:/Users/songtengxiao/Desktop/Playground/hm-news/root/respository_new/com/baomidou/mybatis-plus-annotation/3.4.1/mybatis-plus-annotation-3.4.1.jar:/Users/songtengxiao/Desktop/Playground/hm-news/root/respository_new/com/github/jsqlparser/jsqlparser/3.2/jsqlparser-3.2.jar:/Users/songtengxiao/Desktop/Playground/hm-news/root/respository_new/org/mybatis/mybatis-spring/2.0.1/mybatis-spring-2.0.1.jar:/Users/songtengxiao/Desktop/Playground/hm-news/root/respository_new/org/springframework/boot/spring-boot-starter-jdbc/2.3.9.RELEASE/spring-boot-starter-jdbc-2.3.9.RELEASE.jar:/Users/songtengxiao/Desktop/Playground/hm-news/root/respository_new/com/zaxxer/HikariCP/3.4.5/HikariCP-3.4.5.jar:/Users/songtengxiao/Desktop/Playground/hm-news/root/respository_new/org/springframework/spring-jdbc/5.2.13.RELEASE/spring-jdbc-5.2.13.RELEASE.jar:/Users/songtengxiao/Desktop/Playground/hm-news/root/respository_new/com/alibaba/fastjson/1.2.58/fastjson-1.2.58.jar:/Users/songtengxiao/Desktop/Playground/hm-news/root/respository_new/io/springfox/springfox-swagger2/2.9.2/springfox-swagger2-2.9.2.jar:/Users/songtengxiao/Desktop/Playground/hm-news/root/respository_new/io/swagger/swagger-annotations/1.5.20/swagger-annotations-1.5.20.jar:/Users/songtengxiao/Desktop/Playground/hm-news/root/respository_new/io/swagger/swagger-models/1.5.20/swagger-models-1.5.20.jar:/Users/songtengxiao/Desktop/Playground/hm-news/root/respository_new/io/springfox/springfox-spi/2.9.2/springfox-spi-2.9.2.jar:/Users/songtengxiao/Desktop/Playground/hm-news/root/respository_new/io/springfox/springfox-core/2.9.2/springfox-core-2.9.2.jar:/Users/songtengxiao/Desktop/Playground/hm-news/root/respository_new/io/springfox/springfox-schema/2.9.2/springfox-schema-2.9.2.jar:/Users/songtengxiao/Desktop/Playground/hm-news/root/respository_new/io/springfox/springfox-swagger-common/2.9.2/springfox-swagger-common-2.9.2.jar:/Users/songtengxiao/Desktop/Playground/hm-news/root/respository_new/io/springfox/springfox-spring-web/2.9.2/springfox-spring-web-2.9.2.jar:/Users/songtengxiao/Desktop/Playground/hm-news/root/respository_new/com/fasterxml/classmate/1.5.1/classmate-1.5.1.jar:/Users/songtengxiao/Desktop/Playground/hm-news/root/respository_new/org/slf4j/slf4j-api/1.7.30/slf4j-api-1.7.30.jar:/Users/songtengxiao/Desktop/Playground/hm-news/root/respository_new/org/springframework/plugin/spring-plugin-core/1.2.0.RELEASE/spring-plugin-core-1.2.0.RELEASE.jar:/Users/songtengxiao/Desktop/Playground/hm-news/root/respository_new/org/springframework/plugin/spring-plugin-metadata/1.2.0.RELEASE/spring-plugin-metadata-1.2.0.RELEASE.jar:/Users/songtengxiao/Desktop/Playground/hm-news/root/respository_new/org/mapstruct/mapstruct/1.2.0.Final/mapstruct-1.2.0.Final.jar:/Users/songtengxiao/Desktop/Playground/hm-news/root/respository_new/io/springfox/springfox-swagger-ui/2.9.2/springfox-swagger-ui-2.9.2.jar:/Users/songtengxiao/Desktop/Playground/hm-news/root/heima-leadnews/heima-leadnews-common/target/heima-leadnews-common-1.0-SNAPSHOT.jar:/Users/songtengxiao/Desktop/Playground/hm-news/root/heima-leadnews/heima-leadnews-utils/target/heima-leadnews-utils-1.0-SNAPSHOT.jar:/Users/songtengxiao/Desktop/Playground/hm-news/root/respository_new/commons-codec/commons-codec/1.12/commons-codec-1.12.jar:/Users/songtengxiao/Desktop/Playground/hm-news/root/respository_new/io/jsonwebtoken/jjwt/0.9.1/jjwt-0.9.1.jar:/Users/songtengxiao/Desktop/Playground/hm-news/root/respository_new/com/hankcs/hanlp/portable-1.3.4/hanlp-portable-1.3.4.jar:/Users/songtengxiao/Desktop/Playground/hm-news/root/respository_new/commons-beanutils/commons-beanutils/1.9.3/commons-beanutils-1.9.3.jar:/Users/songtengxiao/Desktop/Playground/hm-news/root/respository_new/commons-logging/commons-logging/1.2/commons-logging-1.2.jar:/Users/songtengxiao/Desktop/Playground/hm-news/root/respository_new/commons-collections/commons-collections/3.2.2/commons-collections-3.2.2.jar:/Users/songtengxiao/Desktop/Playground/hm-news/root/respository_new/org/reflections/reflections/0.9.11/reflections-0.9.11.jar:/Users/songtengxiao/Desktop/Playground/hm-news/root/respository_new/org/javassist/javassist/3.21.0-GA/javassist-3.21.0-GA.jar:/Users/songtengxiao/Desktop/Playground/hm-news/root/respository_new/org/springframework/boot/spring-boot-test/2.3.9.RELEASE/spring-boot-test-2.3.9.RELEASE.jar:/Users/songtengxiao/Desktop/Playground/hm-news/root/respository_new/org/springframework/boot/spring-boot-starter-data-redis/2.3.9.RELEASE/spring-boot-starter-data-redis-2.3.9.RELEASE.jar:/Users/songtengxiao/Desktop/Playground/hm-news/root/respository_new/org/springframework/data/spring-data-redis/2.3.7.RELEASE/spring-data-redis-2.3.7.RELEASE.jar:/Users/songtengxiao/Desktop/Playground/hm-news/root/respository_new/org/springframework/data/spring-data-keyvalue/2.3.7.RELEASE/spring-data-keyvalue-2.3.7.RELEASE.jar:/Users/songtengxiao/Desktop/Playground/hm-news/root/respository_new/org/springframework/data/spring-data-commons/2.3.7.RELEASE/spring-data-commons-2.3.7.RELEASE.jar:/Users/songtengxiao/Desktop/Playground/hm-news/root/respository_new/org/springframework/spring-oxm/5.2.13.RELEASE/spring-oxm-5.2.13.RELEASE.jar:/Users/songtengxiao/Desktop/Playground/hm-news/root/respository_new/io/lettuce/lettuce-core/5.3.6.RELEASE/lettuce-core-5.3.6.RELEASE.jar:/Users/songtengxiao/Desktop/Playground/hm-news/root/respository_new/io/netty/netty-common/4.1.59.Final/netty-common-4.1.59.Final.jar:/Users/songtengxiao/Desktop/Playground/hm-news/root/respository_new/io/netty/netty-handler/4.1.59.Final/netty-handler-4.1.59.Final.jar:/Users/songtengxiao/Desktop/Playground/hm-news/root/respository_new/io/netty/netty-resolver/4.1.59.Final/netty-resolver-4.1.59.Final.jar:/Users/songtengxiao/Desktop/Playground/hm-news/root/respository_new/io/netty/netty-buffer/4.1.59.Final/netty-buffer-4.1.59.Final.jar:/Users/songtengxiao/Desktop/Playground/hm-news/root/respository_new/io/netty/netty-codec/4.1.59.Final/netty-codec-4.1.59.Final.jar:/Users/songtengxiao/Desktop/Playground/hm-news/root/respository_new/io/netty/netty-transport/4.1.59.Final/netty-transport-4.1.59.Final.jar:/Users/songtengxiao/Desktop/Playground/hm-news/root/respository_new/io/projectreactor/reactor-core/3.3.14.RELEASE/reactor-core-3.3.14.RELEASE.jar:/Users/songtengxiao/Desktop/Playground/hm-news/root/respository_new/org/reactivestreams/reactive-streams/1.0.3/reactive-streams-1.0.3.jar:/Users/songtengxiao/Desktop/Playground/hm-news/root/respository_new/org/apache/commons/commons-pool2/2.8.1/commons-pool2-2.8.1.jar:/Users/songtengxiao/Desktop/Playground/hm-news/root/respository_new/org/springframework/boot/spring-boot-starter-cache/2.3.9.RELEASE/spring-boot-starter-cache-2.3.9.RELEASE.jar:/Users/songtengxiao/Desktop/Playground/hm-news/root/respository_new/com/github/tobato/fastdfs-client/1.26.5/fastdfs-client-1.26.5.jar:/Users/songtengxiao/Desktop/Playground/hm-news/root/respository_new/org/slf4j/jcl-over-slf4j/1.7.30/jcl-over-slf4j-1.7.30.jar:/Users/songtengxiao/Desktop/Playground/hm-news/root/respository_new/ch/qos/logback/logback-classic/1.2.3/logback-classic-1.2.3.jar:/Users/songtengxiao/Desktop/Playground/hm-news/root/respository_new/ch/qos/logback/logback-core/1.2.3/logback-core-1.2.3.jar:/Users/songtengxiao/Desktop/Playground/hm-news/root/respository_new/commons-io/commons-io/2.6/commons-io-2.6.jar:/Users/songtengxiao/Desktop/Playground/hm-news/root/respository_new/org/hibernate/validator/hibernate-validator/6.1.7.Final/hibernate-validator-6.1.7.Final.jar:/Users/songtengxiao/Desktop/Playground/hm-news/root/respository_new/jakarta/validation/jakarta.validation-api/2.0.2/jakarta.validation-api-2.0.2.jar:/Users/songtengxiao/Desktop/Playground/hm-news/root/respository_new/org/jboss/logging/jboss-logging/3.4.1.Final/jboss-logging-3.4.1.Final.jar:/Users/songtengxiao/Desktop/Playground/hm-news/root/respository_new/net/coobird/thumbnailator/0.4.8/thumbnailator-0.4.8.jar:/Users/songtengxiao/Desktop/Playground/hm-news/root/respository_new/org/springframework/kafka/spring-kafka/2.6.6/spring-kafka-2.6.6.jar:/Users/songtengxiao/Desktop/Playground/hm-news/root/respository_new/org/springframework/spring-messaging/5.2.13.RELEASE/spring-messaging-5.2.13.RELEASE.jar:/Users/songtengxiao/Desktop/Playground/hm-news/root/respository_new/org/springframework/spring-tx/5.2.13.RELEASE/spring-tx-5.2.13.RELEASE.jar:/Users/songtengxiao/Desktop/Playground/hm-news/root/respository_new/org/springframework/retry/spring-retry/1.2.5.RELEASE/spring-retry-1.2.5.RELEASE.jar:/Users/songtengxiao/Desktop/Playground/hm-news/root/respository_new/org/apache/kafka/kafka-clients/2.5.1/kafka-clients-2.5.1.jar:/Users/songtengxiao/Desktop/Playground/hm-news/root/respository_new/com/github/luben/zstd-jni/1.4.4-7/zstd-jni-1.4.4-7.jar:/Users/songtengxiao/Desktop/Playground/hm-news/root/respository_new/org/lz4/lz4-java/1.7.1/lz4-java-1.7.1.jar:/Users/songtengxiao/Desktop/Playground/hm-news/root/respository_new/org/xerial/snappy/snappy-java/1.1.7.3/snappy-java-1.1.7.3.jar:/Users/songtengxiao/Desktop/Playground/hm-news/root/respository_new/org/apache/kafka/kafka-streams/2.5.1/kafka-streams-2.5.1.jar:/Users/songtengxiao/Desktop/Playground/hm-news/root/respository_new/org/rocksdb/rocksdbjni/5.18.3/rocksdbjni-5.18.3.jar:/Users/songtengxiao/Desktop/Playground/hm-news/root/respository_new/com/aliyun/aliyun-java-sdk-core/4.1.1/aliyun-java-sdk-core-4.1.1.jar:/Users/songtengxiao/Desktop/Playground/hm-news/root/respository_new/com/google/code/gson/gson/2.8.6/gson-2.8.6.jar:/Users/songtengxiao/Desktop/Playground/hm-news/root/respository_new/org/apache/httpcomponents/httpclient/4.5.13/httpclient-4.5.13.jar:/Users/songtengxiao/Desktop/Playground/hm-news/root/respository_new/org/apache/httpcomponents/httpcore/4.4.14/httpcore-4.4.14.jar:/Users/songtengxiao/Desktop/Playground/hm-news/root/respository_new/javax/xml/bind/jaxb-api/2.3.1/jaxb-api-2.3.1.jar:/Users/songtengxiao/Desktop/Playground/hm-news/root/respository_new/javax/activation/javax.activation-api/1.2.0/javax.activation-api-1.2.0.jar:/Users/songtengxiao/Desktop/Playground/hm-news/root/respository_new/com/sun/xml/bind/jaxb-core/2.1.14/jaxb-core-2.1.14.jar:/Users/songtengxiao/Desktop/Playground/hm-news/root/respository_new/com/sun/xml/bind/jaxb-impl/2.1/jaxb-impl-2.1.jar:/Users/songtengxiao/Desktop/Playground/hm-news/root/respository_new/javax/activation/activation/1.1.1/activation-1.1.1.jar:/Users/songtengxiao/Desktop/Playground/hm-news/root/respository_new/com/aliyun/aliyun-java-sdk-green/3.4.1/aliyun-java-sdk-green-3.4.1.jar:/Users/songtengxiao/Desktop/Playground/hm-news/root/respository_new/com/aliyun/oss/aliyun-sdk-oss/2.8.3/aliyun-sdk-oss-2.8.3.jar:/Users/songtengxiao/Desktop/Playground/hm-news/root/respository_new/org/jdom/jdom/1.1/jdom-1.1.jar:/Users/songtengxiao/Desktop/Playground/hm-news/root/respository_new/org/apache/hbase/hbase-client/2.1.5/hbase-client-2.1.5.jar:/Users/songtengxiao/Desktop/Playground/hm-news/root/respository_new/org/apache/hbase/thirdparty/hbase-shaded-protobuf/2.1.0/hbase-shaded-protobuf-2.1.0.jar:/Users/songtengxiao/Desktop/Playground/hm-news/root/respository_new/org/apache/hbase/hbase-common/2.1.5/hbase-common-2.1.5.jar:/Users/songtengxiao/Desktop/Playground/hm-news/root/respository_new/com/github/stephenc/findbugs/findbugs-annotations/1.3.9-1/findbugs-annotations-1.3.9-1.jar:/Users/songtengxiao/Desktop/Playground/hm-news/root/respository_new/org/apache/hbase/hbase-hadoop-compat/2.1.5/hbase-hadoop-compat-2.1.5.jar:/Users/songtengxiao/Desktop/Playground/hm-news/root/respository_new/org/apache/hbase/hbase-metrics-api/2.1.5/hbase-metrics-api-2.1.5.jar:/Users/songtengxiao/Desktop/Playground/hm-news/root/respository_new/org/apache/hbase/hbase-hadoop2-compat/2.1.5/hbase-hadoop2-compat-2.1.5.jar:/Users/songtengxiao/Desktop/Playground/hm-news/root/respository_new/org/apache/hbase/hbase-metrics/2.1.5/hbase-metrics-2.1.5.jar:/Users/songtengxiao/Desktop/Playground/hm-news/root/respository_new/org/apache/hbase/hbase-protocol-shaded/2.1.5/hbase-protocol-shaded-2.1.5.jar:/Users/songtengxiao/Desktop/Playground/hm-news/root/respository_new/org/apache/hbase/hbase-protocol/2.1.5/hbase-protocol-2.1.5.jar:/Users/songtengxiao/Desktop/Playground/hm-news/root/respository_new/org/apache/hbase/thirdparty/hbase-shaded-miscellaneous/2.1.0/hbase-shaded-miscellaneous-2.1.0.jar:/Users/songtengxiao/Desktop/Playground/hm-news/root/respository_new/com/google/protobuf/protobuf-java/3.13.0/protobuf-java-3.13.0.jar:/Users/songtengxiao/Desktop/Playground/hm-news/root/respository_new/org/apache/hbase/thirdparty/hbase-shaded-netty/2.1.0/hbase-shaded-netty-2.1.0.jar:/Users/songtengxiao/Desktop/Playground/hm-news/root/respository_new/org/apache/zookeeper/zookeeper/3.4.10/zookeeper-3.4.10.jar:/Users/songtengxiao/Desktop/Playground/hm-news/root/respository_new/org/apache/htrace/htrace-core4/4.2.0-incubating/htrace-core4-4.2.0-incubating.jar:/Users/songtengxiao/Desktop/Playground/hm-news/root/respository_new/org/jruby/jcodings/jcodings/1.0.18/jcodings-1.0.18.jar:/Users/songtengxiao/Desktop/Playground/hm-news/root/respository_new/org/jruby/joni/joni/2.1.11/joni-2.1.11.jar:/Users/songtengxiao/Desktop/Playground/hm-news/root/respository_new/io/dropwizard/metrics/metrics-core/4.1.17/metrics-core-4.1.17.jar:/Users/songtengxiao/Desktop/Playground/hm-news/root/respository_new/org/apache/commons/commons-crypto/1.0.0/commons-crypto-1.0.0.jar:/Users/songtengxiao/Desktop/Playground/hm-news/root/respository_new/org/apache/hadoop/hadoop-auth/2.7.7/hadoop-auth-2.7.7.jar:/Users/songtengxiao/Desktop/Playground/hm-news/root/respository_new/org/apache/directory/server/apacheds-kerberos-codec/2.0.0-M15/apacheds-kerberos-codec-2.0.0-M15.jar:/Users/songtengxiao/Desktop/Playground/hm-news/root/respository_new/org/apache/directory/server/apacheds-i18n/2.0.0-M15/apacheds-i18n-2.0.0-M15.jar:/Users/songtengxiao/Desktop/Playground/hm-news/root/respository_new/org/apache/directory/api/api-asn1-api/1.0.0-M20/api-asn1-api-1.0.0-M20.jar:/Users/songtengxiao/Desktop/Playground/hm-news/root/respository_new/org/apache/directory/api/api-util/1.0.0-M20/api-util-1.0.0-M20.jar:/Users/songtengxiao/Desktop/Playground/hm-news/root/respository_new/org/apache/curator/curator-framework/4.2.0/curator-framework-4.2.0.jar:/Users/songtengxiao/Desktop/Playground/hm-news/root/respository_new/org/apache/hadoop/hadoop-common/2.7.7/hadoop-common-2.7.7.jar:/Users/songtengxiao/Desktop/Playground/hm-news/root/respository_new/org/apache/hadoop/hadoop-annotations/2.7.7/hadoop-annotations-2.7.7.jar:/Users/songtengxiao/Library/Java/JavaVirtualMachines/corretto-1.8.0_412/Contents/Home/jre/../lib/tools.jar:/Users/songtengxiao/Desktop/Playground/hm-news/root/respository_new/commons-cli/commons-cli/1.2/commons-cli-1.2.jar:/Users/songtengxiao/Desktop/Playground/hm-news/root/respository_new/org/apache/commons/commons-math3/3.1.1/commons-math3-3.1.1.jar:/Users/songtengxiao/Desktop/Playground/hm-news/root/respository_new/xmlenc/xmlenc/0.52/xmlenc-0.52.jar:/Users/songtengxiao/Desktop/Playground/hm-news/root/respository_new/commons-httpclient/commons-httpclient/3.1/commons-httpclient-3.1.jar:/Users/songtengxiao/Desktop/Playground/hm-news/root/respository_new/commons-net/commons-net/3.1/commons-net-3.1.jar:/Users/songtengxiao/Desktop/Playground/hm-news/root/respository_new/org/mortbay/jetty/jetty-sslengine/6.1.26/jetty-sslengine-6.1.26.jar:/Users/songtengxiao/Desktop/Playground/hm-news/root/respository_new/commons-lang/commons-lang/2.6/commons-lang-2.6.jar:/Users/songtengxiao/Desktop/Playground/hm-news/root/respository_new/commons-configuration/commons-configuration/1.6/commons-configuration-1.6.jar:/Users/songtengxiao/Desktop/Playground/hm-news/root/respository_new/commons-digester/commons-digester/1.8/commons-digester-1.8.jar:/Users/songtengxiao/Desktop/Playground/hm-news/root/respository_new/commons-beanutils/commons-beanutils-core/1.8.0/commons-beanutils-core-1.8.0.jar:/Users/songtengxiao/Desktop/Playground/hm-news/root/respository_new/org/codehaus/jackson/jackson-core-asl/1.9.13/jackson-core-asl-1.9.13.jar:/Users/songtengxiao/Desktop/Playground/hm-news/root/respository_new/org/codehaus/jackson/jackson-mapper-asl/1.9.13/jackson-mapper-asl-1.9.13.jar:/Users/songtengxiao/Desktop/Playground/hm-news/root/respository_new/org/apache/avro/avro/1.7.4/avro-1.7.4.jar:/Users/songtengxiao/Desktop/Playground/hm-news/root/respository_new/com/thoughtworks/paranamer/paranamer/2.3/paranamer-2.3.jar:/Users/songtengxiao/Desktop/Playground/hm-news/root/respository_new/com/jcraft/jsch/0.1.54/jsch-0.1.54.jar:/Users/songtengxiao/Desktop/Playground/hm-news/root/respository_new/org/apache/curator/curator-client/2.7.1/curator-client-2.7.1.jar:/Users/songtengxiao/Desktop/Playground/hm-news/root/respository_new/org/apache/curator/curator-recipes/4.2.0/curator-recipes-4.2.0.jar:/Users/songtengxiao/Desktop/Playground/hm-news/root/respository_new/org/apache/htrace/htrace-core/3.1.0-incubating/htrace-core-3.1.0-incubating.jar:/Users/songtengxiao/Desktop/Playground/hm-news/root/respository_new/org/apache/commons/commons-compress/1.4.1/commons-compress-1.4.1.jar:/Users/songtengxiao/Desktop/Playground/hm-news/root/respository_new/org/tukaani/xz/1.0/xz-1.0.jar:/Users/songtengxiao/Desktop/Playground/hm-news/root/respository_new/org/apache/yetus/audience-annotations/0.5.0/audience-annotations-0.5.0.jar:/Users/songtengxiao/Desktop/Playground/hm-news/root/respository_new/junit/junit/4.12/junit-4.12.jar:/Users/songtengxiao/Desktop/Playground/hm-news/root/respository_new/org/hamcrest/hamcrest-core/2.2/hamcrest-core-2.2.jar:/Users/songtengxiao/Desktop/Playground/hm-news/root/respository_new/org/jsoup/jsoup/1.10.2/jsoup-1.10.2.jar:/Users/songtengxiao/Desktop/Playground/hm-news/root/respository_new/joda-time/joda-time/2.10.5/joda-time-2.10.5.jar:/Users/songtengxiao/Desktop/Playground/hm-news/root/respository_new/com/github/xiaoymin/knife4j-spring-boot-starter/2.0.2/knife4j-spring-boot-starter-2.0.2.jar:/Users/songtengxiao/Desktop/Playground/hm-news/root/respository_new/com/github/xiaoymin/knife4j-spring-boot-autoconfigure/2.0.2/knife4j-spring-boot-autoconfigure-2.0.2.jar:/Users/songtengxiao/Desktop/Playground/hm-news/root/respository_new/com/github/xiaoymin/knife4j-spring/2.0.2/knife4j-spring-2.0.2.jar:/Users/songtengxiao/Desktop/Playground/hm-news/root/respository_new/com/github/xiaoymin/knife4j-annotations/2.0.2/knife4j-annotations-2.0.2.jar:/Users/songtengxiao/Desktop/Playground/hm-news/root/respository_new/com/github/xiaoymin/knife4j-core/2.0.2/knife4j-core-2.0.2.jar:/Users/songtengxiao/Desktop/Playground/hm-news/root/respository_new/io/springfox/springfox-bean-validators/2.9.2/springfox-bean-validators-2.9.2.jar:/Users/songtengxiao/Desktop/Playground/hm-news/root/respository_new/com/github/xiaoymin/knife4j-spring-ui/2.0.2/knife4j-spring-ui-2.0.2.jar:/Users/songtengxiao/Desktop/Playground/hm-news/root/heima-leadnews/heima-leadnews-feign-api/target/heima-leadnews-feign-api-1.0-SNAPSHOT.jar:/Users/songtengxiao/Desktop/Playground/hm-news/root/respository_new/org/springframework/boot/spring-boot-starter-web/2.3.9.RELEASE/spring-boot-starter-web-2.3.9.RELEASE.jar:/Users/songtengxiao/Desktop/Playground/hm-news/root/respository_new/org/springframework/boot/spring-boot-starter-json/2.3.9.RELEASE/spring-boot-starter-json-2.3.9.RELEASE.jar:/Users/songtengxiao/Desktop/Playground/hm-news/root/respository_new/com/fasterxml/jackson/datatype/jackson-datatype-jdk8/2.11.4/jackson-datatype-jdk8-2.11.4.jar:/Users/songtengxiao/Desktop/Playground/hm-news/root/respository_new/com/fasterxml/jackson/datatype/jackson-datatype-jsr310/2.11.4/jackson-datatype-jsr310-2.11.4.jar:/Users/songtengxiao/Desktop/Playground/hm-news/root/respository_new/com/fasterxml/jackson/module/jackson-module-parameter-names/2.11.4/jackson-module-parameter-names-2.11.4.jar:/Users/songtengxiao/Desktop/Playground/hm-news/root/respository_new/org/springframework/boot/spring-boot-starter-tomcat/2.3.9.RELEASE/spring-boot-starter-tomcat-2.3.9.RELEASE.jar:/Users/songtengxiao/Desktop/Playground/hm-news/root/respository_new/org/apache/tomcat/embed/tomcat-embed-core/9.0.43/tomcat-embed-core-9.0.43.jar:/Users/songtengxiao/Desktop/Playground/hm-news/root/respository_new/org/glassfish/jakarta.el/3.0.3/jakarta.el-3.0.3.jar:/Users/songtengxiao/Desktop/Playground/hm-news/root/respository_new/org/apache/tomcat/embed/tomcat-embed-websocket/9.0.43/tomcat-embed-websocket-9.0.43.jar:/Users/songtengxiao/Desktop/Playground/hm-news/root/respository_new/org/springframework/spring-web/5.2.13.RELEASE/spring-web-5.2.13.RELEASE.jar:/Users/songtengxiao/Desktop/Playground/hm-news/root/respository_new/org/springframework/spring-webmvc/5.2.13.RELEASE/spring-webmvc-5.2.13.RELEASE.jar:/Users/songtengxiao/Desktop/Playground/hm-news/root/respository_new/org/springframework/spring-aop/5.2.13.RELEASE/spring-aop-5.2.13.RELEASE.jar:/Users/songtengxiao/Desktop/Playground/hm-news/root/respository_new/org/springframework/spring-expression/5.2.13.RELEASE/spring-expression-5.2.13.RELEASE.jar:/Users/songtengxiao/Desktop/Playground/hm-news/root/respository_new/org/springframework/boot/spring-boot-starter-test/2.3.9.RELEASE/spring-boot-starter-test-2.3.9.RELEASE.jar:/Users/songtengxiao/Desktop/Playground/hm-news/root/respository_new/org/springframework/boot/spring-boot-test-autoconfigure/2.3.9.RELEASE/spring-boot-test-autoconfigure-2.3.9.RELEASE.jar:/Users/songtengxiao/Desktop/Playground/hm-news/root/respository_new/com/jayway/jsonpath/json-path/2.4.0/json-path-2.4.0.jar:/Users/songtengxiao/Desktop/Playground/hm-news/root/respository_new/net/minidev/json-smart/2.3/json-smart-2.3.jar:/Users/songtengxiao/Desktop/Playground/hm-news/root/respository_new/net/minidev/accessors-smart/1.2/accessors-smart-1.2.jar:/Users/songtengxiao/Desktop/Playground/hm-news/root/respository_new/org/ow2/asm/asm/5.0.4/asm-5.0.4.jar:/Users/songtengxiao/Desktop/Playground/hm-news/root/respository_new/jakarta/xml/bind/jakarta.xml.bind-api/2.3.3/jakarta.xml.bind-api-2.3.3.jar:/Users/songtengxiao/Desktop/Playground/hm-news/root/respository_new/jakarta/activation/jakarta.activation-api/1.2.2/jakarta.activation-api-1.2.2.jar:/Users/songtengxiao/Desktop/Playground/hm-news/root/respository_new/org/assertj/assertj-core/3.16.1/assertj-core-3.16.1.jar:/Users/songtengxiao/Desktop/Playground/hm-news/root/respository_new/org/hamcrest/hamcrest/2.2/hamcrest-2.2.jar:/Users/songtengxiao/Desktop/Playground/hm-news/root/respository_new/org/junit/jupiter/junit-jupiter/5.6.3/junit-jupiter-5.6.3.jar:/Users/songtengxiao/Desktop/Playground/hm-news/root/respository_new/org/junit/jupiter/junit-jupiter-api/5.6.3/junit-jupiter-api-5.6.3.jar:/Users/songtengxiao/Desktop/Playground/hm-news/root/respository_new/org/opentest4j/opentest4j/1.2.0/opentest4j-1.2.0.jar:/Users/songtengxiao/Desktop/Playground/hm-news/root/respository_new/org/junit/platform/junit-platform-commons/1.6.3/junit-platform-commons-1.6.3.jar:/Users/songtengxiao/Desktop/Playground/hm-news/root/respository_new/org/junit/jupiter/junit-jupiter-params/5.6.3/junit-jupiter-params-5.6.3.jar:/Users/songtengxiao/Desktop/Playground/hm-news/root/respository_new/org/junit/jupiter/junit-jupiter-engine/5.6.3/junit-jupiter-engine-5.6.3.jar:/Users/songtengxiao/Desktop/Playground/hm-news/root/respository_new/org/junit/vintage/junit-vintage-engine/5.6.3/junit-vintage-engine-5.6.3.jar:/Users/songtengxiao/Desktop/Playground/hm-news/root/respository_new/org/apiguardian/apiguardian-api/1.1.0/apiguardian-api-1.1.0.jar:/Users/songtengxiao/Desktop/Playground/hm-news/root/respository_new/org/junit/platform/junit-platform-engine/1.6.3/junit-platform-engine-1.6.3.jar:/Users/songtengxiao/Desktop/Playground/hm-news/root/respository_new/org/mockito/mockito-core/3.3.3/mockito-core-3.3.3.jar:/Users/songtengxiao/Desktop/Playground/hm-news/root/respository_new/net/bytebuddy/byte-buddy/1.10.20/byte-buddy-1.10.20.jar:/Users/songtengxiao/Desktop/Playground/hm-news/root/respository_new/net/bytebuddy/byte-buddy-agent/1.10.20/byte-buddy-agent-1.10.20.jar:/Users/songtengxiao/Desktop/Playground/hm-news/root/respository_new/org/objenesis/objenesis/2.6/objenesis-2.6.jar:/Users/songtengxiao/Desktop/Playground/hm-news/root/respository_new/org/mockito/mockito-junit-jupiter/3.3.3/mockito-junit-jupiter-3.3.3.jar:/Users/songtengxiao/Desktop/Playground/hm-news/root/respository_new/org/skyscreamer/jsonassert/1.5.0/jsonassert-1.5.0.jar:/Users/songtengxiao/Desktop/Playground/hm-news/root/respository_new/com/vaadin/external/google/android-json/0.0.20131108.vaadin1/android-json-0.0.20131108.vaadin1.jar:/Users/songtengxiao/Desktop/Playground/hm-news/root/respository_new/org/springframework/spring-core/5.2.13.RELEASE/spring-core-5.2.13.RELEASE.jar:/Users/songtengxiao/Desktop/Playground/hm-news/root/respository_new/org/springframework/spring-jcl/5.2.13.RELEASE/spring-jcl-5.2.13.RELEASE.jar:/Users/songtengxiao/Desktop/Playground/hm-news/root/respository_new/org/springframework/spring-test/5.2.13.RELEASE/spring-test-5.2.13.RELEASE.jar:/Users/songtengxiao/Desktop/Playground/hm-news/root/respository_new/org/xmlunit/xmlunit-core/2.7.0/xmlunit-core-2.7.0.jar:/Users/songtengxiao/Desktop/Playground/hm-news/root/respository_new/com/alibaba/cloud/spring-cloud-starter-alibaba-nacos-discovery/2.2.5.RELEASE/spring-cloud-starter-alibaba-nacos-discovery-2.2.5.RELEASE.jar:/Users/songtengxiao/Desktop/Playground/hm-news/root/respository_new/com/alibaba/cloud/spring-cloud-alibaba-commons/2.2.5.RELEASE/spring-cloud-alibaba-commons-2.2.5.RELEASE.jar:/Users/songtengxiao/Desktop/Playground/hm-news/root/respository_new/com/alibaba/nacos/nacos-client/1.4.1/nacos-client-1.4.1.jar:/Users/songtengxiao/Desktop/Playground/hm-news/root/respository_new/com/alibaba/nacos/nacos-common/1.4.1/nacos-common-1.4.1.jar:/Users/songtengxiao/Desktop/Playground/hm-news/root/respository_new/org/apache/httpcomponents/httpasyncclient/4.1.4/httpasyncclient-4.1.4.jar:/Users/songtengxiao/Desktop/Playground/hm-news/root/respository_new/org/apache/httpcomponents/httpcore-nio/4.4.14/httpcore-nio-4.4.14.jar:/Users/songtengxiao/Desktop/Playground/hm-news/root/respository_new/com/alibaba/nacos/nacos-api/1.4.1/nacos-api-1.4.1.jar:/Users/songtengxiao/Desktop/Playground/hm-news/root/respository_new/io/prometheus/simpleclient/0.5.0/simpleclient-0.5.0.jar:/Users/songtengxiao/Desktop/Playground/hm-news/root/respository_new/com/alibaba/spring/spring-context-support/1.0.10/spring-context-support-1.0.10.jar:/Users/songtengxiao/Desktop/Playground/hm-news/root/respository_new/org/springframework/cloud/spring-cloud-commons/2.2.7.RELEASE/spring-cloud-commons-2.2.7.RELEASE.jar:/Users/songtengxiao/Desktop/Playground/hm-news/root/respository_new/org/springframework/security/spring-security-crypto/5.3.8.RELEASE/spring-security-crypto-5.3.8.RELEASE.jar:/Users/songtengxiao/Desktop/Playground/hm-news/root/respository_new/org/springframework/cloud/spring-cloud-context/2.2.7.RELEASE/spring-cloud-context-2.2.7.RELEASE.jar:/Users/songtengxiao/Desktop/Playground/hm-news/root/respository_new/org/springframework/cloud/spring-cloud-starter-netflix-ribbon/2.2.7.RELEASE/spring-cloud-starter-netflix-ribbon-2.2.7.RELEASE.jar:/Users/songtengxiao/Desktop/Playground/hm-news/root/respository_new/org/springframework/cloud/spring-cloud-starter/2.2.7.RELEASE/spring-cloud-starter-2.2.7.RELEASE.jar:/Users/songtengxiao/Desktop/Playground/hm-news/root/respository_new/org/springframework/security/spring-security-rsa/1.0.9.RELEASE/spring-security-rsa-1.0.9.RELEASE.jar:/Users/songtengxiao/Desktop/Playground/hm-news/root/respository_new/org/bouncycastle/bcpkix-jdk15on/1.64/bcpkix-jdk15on-1.64.jar:/Users/songtengxiao/Desktop/Playground/hm-news/root/respository_new/org/bouncycastle/bcprov-jdk15on/1.64/bcprov-jdk15on-1.64.jar:/Users/songtengxiao/Desktop/Playground/hm-news/root/respository_new/org/springframework/cloud/spring-cloud-netflix-ribbon/2.2.7.RELEASE/spring-cloud-netflix-ribbon-2.2.7.RELEASE.jar:/Users/songtengxiao/Desktop/Playground/hm-news/root/respository_new/org/springframework/cloud/spring-cloud-netflix-archaius/2.2.7.RELEASE/spring-cloud-netflix-archaius-2.2.7.RELEASE.jar:/Users/songtengxiao/Desktop/Playground/hm-news/root/respository_new/org/springframework/cloud/spring-cloud-starter-netflix-archaius/2.2.7.RELEASE/spring-cloud-starter-netflix-archaius-2.2.7.RELEASE.jar:/Users/songtengxiao/Desktop/Playground/hm-news/root/respository_new/com/netflix/archaius/archaius-core/0.7.7/archaius-core-0.7.7.jar:/Users/songtengxiao/Desktop/Playground/hm-news/root/respository_new/com/netflix/ribbon/ribbon/2.3.0/ribbon-2.3.0.jar:/Users/songtengxiao/Desktop/Playground/hm-news/root/respository_new/com/netflix/ribbon/ribbon-transport/2.3.0/ribbon-transport-2.3.0.jar:/Users/songtengxiao/Desktop/Playground/hm-news/root/respository_new/io/reactivex/rxnetty-contexts/0.4.9/rxnetty-contexts-0.4.9.jar:/Users/songtengxiao/Desktop/Playground/hm-news/root/respository_new/io/reactivex/rxnetty-servo/0.4.9/rxnetty-servo-0.4.9.jar:/Users/songtengxiao/Desktop/Playground/hm-news/root/respository_new/com/netflix/hystrix/hystrix-core/1.5.18/hystrix-core-1.5.18.jar:/Users/songtengxiao/Desktop/Playground/hm-news/root/respository_new/javax/inject/javax.inject/1/javax.inject-1.jar:/Users/songtengxiao/Desktop/Playground/hm-news/root/respository_new/io/reactivex/rxnetty/0.4.9/rxnetty-0.4.9.jar:/Users/songtengxiao/Desktop/Playground/hm-news/root/respository_new/com/netflix/ribbon/ribbon-core/2.3.0/ribbon-core-2.3.0.jar:/Users/songtengxiao/Desktop/Playground/hm-news/root/respository_new/com/netflix/ribbon/ribbon-httpclient/2.3.0/ribbon-httpclient-2.3.0.jar:/Users/songtengxiao/Desktop/Playground/hm-news/root/respository_new/com/sun/jersey/jersey-client/1.19.1/jersey-client-1.19.1.jar:/Users/songtengxiao/Desktop/Playground/hm-news/root/respository_new/com/sun/jersey/jersey-core/1.19.1/jersey-core-1.19.1.jar:/Users/songtengxiao/Desktop/Playground/hm-news/root/respository_new/javax/ws/rs/jsr311-api/1.1.1/jsr311-api-1.1.1.jar:/Users/songtengxiao/Desktop/Playground/hm-news/root/respository_new/com/sun/jersey/contribs/jersey-apache-client4/1.19.1/jersey-apache-client4-1.19.1.jar:/Users/songtengxiao/Desktop/Playground/hm-news/root/respository_new/com/netflix/servo/servo-core/0.12.21/servo-core-0.12.21.jar:/Users/songtengxiao/Desktop/Playground/hm-news/root/respository_new/com/netflix/netflix-commons/netflix-commons-util/0.3.0/netflix-commons-util-0.3.0.jar:/Users/songtengxiao/Desktop/Playground/hm-news/root/respository_new/com/netflix/ribbon/ribbon-loadbalancer/2.3.0/ribbon-loadbalancer-2.3.0.jar:/Users/songtengxiao/Desktop/Playground/hm-news/root/respository_new/com/netflix/netflix-commons/netflix-statistics/0.1.1/netflix-statistics-0.1.1.jar:/Users/songtengxiao/Desktop/Playground/hm-news/root/respository_new/io/reactivex/rxjava/1.3.8/rxjava-1.3.8.jar:/Users/songtengxiao/Desktop/Playground/hm-news/root/respository_new/com/alibaba/cloud/spring-cloud-starter-alibaba-nacos-config/2.2.5.RELEASE/spring-cloud-starter-alibaba-nacos-config-2.2.5.RELEASE.jar:/Users/songtengxiao/Desktop/Playground/hm-news/root/respository_new/org/springframework/boot/spring-boot-starter-log4j2/2.3.9.RELEASE/spring-boot-starter-log4j2-2.3.9.RELEASE.jar:/Users/songtengxiao/Desktop/Playground/hm-news/root/respository_new/org/apache/logging/log4j/log4j-slf4j-impl/2.13.3/log4j-slf4j-impl-2.13.3.jar:/Users/songtengxiao/Desktop/Playground/hm-news/root/respository_new/org/apache/logging/log4j/log4j-api/2.13.3/log4j-api-2.13.3.jar:/Users/songtengxiao/Desktop/Playground/hm-news/root/respository_new/org/apache/logging/log4j/log4j-core/2.13.3/log4j-core-2.13.3.jar:/Users/songtengxiao/Desktop/Playground/hm-news/root/respository_new/org/apache/logging/log4j/log4j-jul/2.13.3/log4j-jul-2.13.3.jar:/Users/songtengxiao/Desktop/Playground/hm-news/root/respository_new/org/slf4j/jul-to-slf4j/1.7.30/jul-to-slf4j-1.7.30.jar:/Users/songtengxiao/Desktop/Playground/hm-news/root/respository_new/org/projectlombok/lombok/1.18.8/lombok-1.18.8.jar:"/>
    <property name="sun.cpu.endian" value="little"/>
    <property name="user.home" value="/Users/songtengxiao"/>
    <property name="user.language" value="en"/>
    <property name="java.specification.vendor" value="Oracle Corporation"/>
    <property name="java.home" value="/Users/songtengxiao/Library/Java/JavaVirtualMachines/corretto-1.8.0_412/Contents/Home/jre"/>
    <property name="basedir" value="/Users/songtengxiao/Desktop/Playground/hm-news/root/heima-leadnews/heima-leadnews-service/heima-leadnews-article"/>
    <property name="file.separator" value="/"/>
    <property name="line.separator" value="&#10;"/>
    <property name="java.vm.specification.vendor" value="Oracle Corporation"/>
    <property name="java.specification.name" value="Java Platform API Specification"/>
    <property name="java.awt.graphicsenv" value="sun.awt.CGraphicsEnvironment"/>
    <property name="surefire.real.class.path" value="/Users/songtengxiao/Desktop/Playground/hm-news/root/heima-leadnews/heima-leadnews-service/heima-leadnews-article/target/surefire/surefirebooter3762745874324520459.jar"/>
    <property name="sun.boot.class.path" value="/Users/songtengxiao/Library/Java/JavaVirtualMachines/corretto-1.8.0_412/Contents/Home/jre/lib/resources.jar:/Users/songtengxiao/Library/Java/JavaVirtualMachines/corretto-1.8.0_412/Contents/Home/jre/lib/rt.jar:/Users/songtengxiao/Library/Java/JavaVirtualMachines/corretto-1.8.0_412/Contents/Home/jre/lib/sunrsasign.jar:/Users/songtengxiao/Library/Java/JavaVirtualMachines/corretto-1.8.0_412/Contents/Home/jre/lib/jsse.jar:/Users/songtengxiao/Library/Java/JavaVirtualMachines/corretto-1.8.0_412/Contents/Home/jre/lib/jce.jar:/Users/songtengxiao/Library/Java/JavaVirtualMachines/corretto-1.8.0_412/Contents/Home/jre/lib/charsets.jar:/Users/songtengxiao/Library/Java/JavaVirtualMachines/corretto-1.8.0_412/Contents/Home/jre/lib/jfr.jar:/Users/songtengxiao/Library/Java/JavaVirtualMachines/corretto-1.8.0_412/Contents/Home/jre/classes"/>
    <property name="sun.management.compiler" value="HotSpot 64-Bit Tiered Compilers"/>
    <property name="ftp.nonProxyHosts" value="local|*.local|169.254/16|*.169.254/16"/>
    <property name="java.runtime.version" value="1.8.0_412-b08"/>
    <property name="user.name" value="songtengxiao"/>
    <property name="path.separator" value=":"/>
    <property name="os.version" value="14.5"/>
    <property name="java.endorsed.dirs" value="/Users/songtengxiao/Library/Java/JavaVirtualMachines/corretto-1.8.0_412/Contents/Home/jre/lib/endorsed"/>
    <property name="java.runtime.name" value="OpenJDK Runtime Environment"/>
    <property name="file.encoding" value="UTF-8"/>
    <property name="java.vm.name" value="OpenJDK 64-Bit Server VM"/>
    <property name="localRepository" value="/Users/songtengxiao/Desktop/Playground/hm-news/root/respository_new"/>
    <property name="java.vendor.url.bug" value="https://github.com/corretto/corretto-8/issues/"/>
    <property name="java.io.tmpdir" value="/var/folders/23/vy45qjgd6zddmycqfjwhclkm0000gn/T/"/>
    <property name="idea.version" value="2024.1.2"/>
    <property name="java.version" value="1.8.0_412"/>
    <property name="user.dir" value="/Users/songtengxiao/Desktop/Playground/hm-news/root/heima-leadnews/heima-leadnews-service/heima-leadnews-article"/>
    <property name="os.arch" value="aarch64"/>
    <property name="java.vm.specification.name" value="Java Virtual Machine Specification"/>
    <property name="java.awt.printerjob" value="sun.lwawt.macosx.CPrinterJob"/>
    <property name="sun.os.patch.level" value="unknown"/>
    <property name="java.library.path" value="/Users/songtengxiao/Library/Java/Extensions:/Library/Java/Extensions:/Network/Library/Java/Extensions:/System/Library/Java/Extensions:/usr/lib/java:."/>
    <property name="java.vm.info" value="mixed mode"/>
    <property name="java.vendor" value="Amazon.com Inc."/>
    <property name="java.vm.version" value="25.412-b08"/>
    <property name="java.specification.maintenance.version" value="5"/>
    <property name="java.ext.dirs" value="/Users/songtengxiao/Library/Java/Extensions:/Users/songtengxiao/Library/Java/JavaVirtualMachines/corretto-1.8.0_412/Contents/Home/jre/lib/ext:/Library/Java/Extensions:/Network/Library/Java/Extensions:/System/Library/Java/Extensions:/usr/lib/java"/>
    <property name="sun.io.unicode.encoding" value="UnicodeBig"/>
    <property name="maven.repo.local" value="/Users/songtengxiao/Desktop/Playground/hm-news/root/respository_new"/>
    <property name="java.class.version" value="52.0"/>
    <property name="socksNonProxyHosts" value="local|*.local|169.254/16|*.169.254/16"/>
  </properties>
  <testcase name="createStaticUrlTest" classname="com.heima.article.test.ArticleFreemarkerTest" time="0.388"/>
</testsuite>